[09-Jul-2018 05:47:10 UTC] PHP Parse error:  syntax error, unexpected ';', expecting ',' or ')' in /var/www/wordpress/wp-content/plugins/paypal_exprexxcheckout/express.php on line 26
[09-Jul-2018 05:48:10 UTC] PHP Parse error:  syntax error, unexpected ';', expecting ',' or ')' in /var/www/wordpress/wp-content/plugins/paypal_exprexxcheckout/express.php on line 26
[09-Jul-2018 05:49:10 UTC] PHP Parse error:  syntax error, unexpected ';', expecting ',' or ')' in /var/www/wordpress/wp-content/plugins/paypal_exprexxcheckout/express.php on line 23
[09-Jul-2018 05:51:10 UTC] PHP Parse error:  syntax error, unexpected ';', expecting ',' or ')' in /var/www/wordpress/wp-content/plugins/paypal_exprexxcheckout/express.php on line 23
[09-Jul-2018 05:53:11 UTC] PHP Parse error:  syntax error, unexpected ';', expecting ',' or ')' in /var/www/wordpress/wp-content/plugins/paypal_exprexxcheckout/express.php on line 23
[09-Jul-2018 05:55:12 UTC] PHP Parse error:  syntax error, unexpected ';', expecting ',' or ')' in /var/www/wordpress/wp-content/plugins/paypal_exprexxcheckout/express.php on line 23
[09-Jul-2018 05:57:13 UTC] PHP Parse error:  syntax error, unexpected ';', expecting ',' or ')' in /var/www/wordpress/wp-content/plugins/paypal_exprexxcheckout/express.php on line 23
[09-Jul-2018 05:58:14 UTC] PHP Parse error:  syntax error, unexpected ';', expecting ',' or ')' in /var/www/wordpress/wp-content/plugins/paypal_exprexxcheckout/express.php on line 23
[09-Jul-2018 06:00:15 UTC] PHP Parse error:  syntax error, unexpected ';', expecting ',' or ')' in /var/www/wordpress/wp-content/plugins/paypal_exprexxcheckout/express.php on line 23
[09-Jul-2018 06:24:22 UTC] PHP Parse error:  syntax error, unexpected 'public' (T_PUBLIC) in /var/www/wordpress/wp-content/plugins/paypal_exprexxcheckout/express.php on line 24
[09-Jul-2018 06:25:22 UTC] PHP Parse error:  syntax error, unexpected ';', expecting ',' or ')' in /var/www/wordpress/wp-content/plugins/paypal_exprexxcheckout/express.php on line 24
[09-Jul-2018 06:26:52 UTC] PHP Parse error:  syntax error, unexpected ';', expecting ',' or ')' in /var/www/wordpress/wp-content/plugins/paypal_exprexxcheckout/express.php on line 24
[09-Jul-2018 06:27:52 UTC] PHP Parse error:  syntax error, unexpected ';', expecting ',' or ')' in /var/www/wordpress/wp-content/plugins/paypal_exprexxcheckout/express.php on line 24
[09-Jul-2018 06:29:52 UTC] PHP Parse error:  syntax error, unexpected ';', expecting ',' or ')' in /var/www/wordpress/wp-content/plugins/paypal_exprexxcheckout/express.php on line 24
[09-Jul-2018 06:31:13 UTC] PHP Parse error:  syntax error, unexpected ';', expecting ',' or ')' in /var/www/wordpress/wp-content/plugins/paypal_exprexxcheckout/express.php on line 23
[09-Jul-2018 06:32:13 UTC] PHP Parse error:  syntax error, unexpected ';', expecting ',' or ')' in /var/www/wordpress/wp-content/plugins/paypal_exprexxcheckout/express.php on line 23
[09-Jul-2018 06:34:13 UTC] PHP Parse error:  syntax error, unexpected ';', expecting ',' or ')' in /var/www/wordpress/wp-content/plugins/paypal_exprexxcheckout/express.php on line 23
[09-Jul-2018 06:35:13 UTC] PHP Parse error:  syntax error, unexpected ';', expecting ',' or ')' in /var/www/wordpress/wp-content/plugins/paypal_exprexxcheckout/express.php on line 23
[09-Jul-2018 06:36:33 UTC] PHP Parse error:  syntax error, unexpected ';', expecting ',' or ')' in /var/www/wordpress/wp-content/plugins/paypal_exprexxcheckout/express.php on line 23
[09-Jul-2018 06:37:34 UTC] PHP Parse error:  syntax error, unexpected ';', expecting ',' or ')' in /var/www/wordpress/wp-content/plugins/paypal_exprexxcheckout/express.php on line 23
[09-Jul-2018 06:39:34 UTC] PHP Parse error:  syntax error, unexpected ';', expecting ',' or ')' in /var/www/wordpress/wp-content/plugins/paypal_exprexxcheckout/express.php on line 23
[09-Jul-2018 06:41:34 UTC] PHP Parse error:  syntax error, unexpected ';', expecting ',' or ')' in /var/www/wordpress/wp-content/plugins/paypal_exprexxcheckout/express.php on line 23
[09-Jul-2018 06:42:35 UTC] PHP Parse error:  syntax error, unexpected ';', expecting ',' or ')' in /var/www/wordpress/wp-content/plugins/paypal_exprexxcheckout/express.php on line 23
[09-Jul-2018 06:44:35 UTC] PHP Parse error:  syntax error, unexpected ';', expecting ',' or ')' in /var/www/wordpress/wp-content/plugins/paypal_exprexxcheckout/express.php on line 23
[09-Jul-2018 06:46:36 UTC] PHP Parse error:  syntax error, unexpected ';', expecting ',' or ')' in /var/www/wordpress/wp-content/plugins/paypal_exprexxcheckout/express.php on line 23
[09-Jul-2018 06:48:37 UTC] PHP Parse error:  syntax error, unexpected ';', expecting ',' or ')' in /var/www/wordpress/wp-content/plugins/paypal_exprexxcheckout/express.php on line 23
[09-Jul-2018 06:50:37 UTC] PHP Parse error:  syntax error, unexpected ';', expecting ',' or ')' in /var/www/wordpress/wp-content/plugins/paypal_exprexxcheckout/express.php on line 23
[09-Jul-2018 06:52:38 UTC] PHP Parse error:  syntax error, unexpected ';', expecting ',' or ')' in /var/www/wordpress/wp-content/plugins/paypal_exprexxcheckout/express.php on line 23
[09-Jul-2018 06:56:27 UTC] PHP Parse error:  syntax error, unexpected ';', expecting ',' or ')' in /var/www/wordpress/wp-content/plugins/paypal_exprexxcheckout/express.php on line 23
[09-Jul-2018 06:57:28 UTC] PHP Parse error:  syntax error, unexpected ';', expecting ',' or ')' in /var/www/wordpress/wp-content/plugins/paypal_exprexxcheckout/express.php on line 23
[09-Jul-2018 06:59:28 UTC] PHP Parse error:  syntax error, unexpected ';', expecting ',' or ')' in /var/www/wordpress/wp-content/plugins/paypal_exprexxcheckout/express.php on line 23
[09-Jul-2018 07:01:29 UTC] PHP Parse error:  syntax error, unexpected ';', expecting ',' or ')' in /var/www/wordpress/wp-content/plugins/paypal_exprexxcheckout/express.php on line 23
[09-Jul-2018 07:03:30 UTC] PHP Parse error:  syntax error, unexpected ';', expecting ',' or ')' in /var/www/wordpress/wp-content/plugins/paypal_exprexxcheckout/express.php on line 23
[09-Jul-2018 07:05:31 UTC] PHP Parse error:  syntax error, unexpected ';', expecting ',' or ')' in /var/www/wordpress/wp-content/plugins/paypal_exprexxcheckout/express.php on line 23
[09-Jul-2018 07:45:05 UTC] PHP Parse error:  syntax error, unexpected ';', expecting ',' or ')' in /var/www/wordpress/wp-content/plugins/paypal_exprexxcheckout/express.php on line 23
[09-Jul-2018 07:45:06 UTC] PHP Parse error:  syntax error, unexpected ';', expecting ',' or ')' in /var/www/wordpress/wp-content/plugins/paypal_exprexxcheckout/express.php on line 23
[09-Jul-2018 07:46:10 UTC] PHP Warning:  Missing argument 4 for add_settings_section(), called in /var/www/wordpress/wp-content/plugins/paypal_exprexxcheckout/express.php on line 89 and defined in /var/www/wordpress/wp-admin/includes/template.php on line 1221
[09-Jul-2018 07:46:10 UTC] PHP Stack trace:
[09-Jul-2018 07:46:10 UTC] PHP   1. {main}() /var/www/wordpress/wp-admin/plugins.php:0
[09-Jul-2018 07:46:10 UTC] PHP   2. require_once() /var/www/wordpress/wp-admin/plugins.php:10
[09-Jul-2018 07:46:10 UTC] PHP   3. do_action() /var/www/wordpress/wp-admin/admin.php:156
[09-Jul-2018 07:46:10 UTC] PHP   4. WP_Hook->do_action() /var/www/wordpress/wp-includes/plugin.php:453
[09-Jul-2018 07:46:10 UTC] PHP   5. WP_Hook->apply_filters() /var/www/wordpress/wp-includes/class-wp-hook.php:310
[09-Jul-2018 07:46:10 UTC] PHP   6. PayPal_ExpressCheckout->page_init() /var/www/wordpress/wp-includes/class-wp-hook.php:286
[09-Jul-2018 07:46:10 UTC] PHP   7. add_settings_section() /var/www/wordpress/wp-content/plugins/paypal_exprexxcheckout/express.php:89
[09-Jul-2018 07:46:10 UTC] PHP Notice:  Undefined variable: page in /var/www/wordpress/wp-admin/includes/template.php on line 1224
[09-Jul-2018 07:46:10 UTC] PHP Stack trace:
[09-Jul-2018 07:46:10 UTC] PHP   1. {main}() /var/www/wordpress/wp-admin/plugins.php:0
[09-Jul-2018 07:46:10 UTC] PHP   2. require_once() /var/www/wordpress/wp-admin/plugins.php:10
[09-Jul-2018 07:46:10 UTC] PHP   3. do_action() /var/www/wordpress/wp-admin/admin.php:156
[09-Jul-2018 07:46:10 UTC] PHP   4. WP_Hook->do_action() /var/www/wordpress/wp-includes/plugin.php:453
[09-Jul-2018 07:46:10 UTC] PHP   5. WP_Hook->apply_filters() /var/www/wordpress/wp-includes/class-wp-hook.php:310
[09-Jul-2018 07:46:10 UTC] PHP   6. PayPal_ExpressCheckout->page_init() /var/www/wordpress/wp-includes/class-wp-hook.php:286
[09-Jul-2018 07:46:10 UTC] PHP   7. add_settings_section() /var/www/wordpress/wp-content/plugins/paypal_exprexxcheckout/express.php:89
[09-Jul-2018 07:46:10 UTC] PHP Notice:  Undefined variable: page in /var/www/wordpress/wp-admin/includes/template.php on line 1234
[09-Jul-2018 07:46:10 UTC] PHP Stack trace:
[09-Jul-2018 07:46:10 UTC] PHP   1. {main}() /var/www/wordpress/wp-admin/plugins.php:0
[09-Jul-2018 07:46:10 UTC] PHP   2. require_once() /var/www/wordpress/wp-admin/plugins.php:10
[09-Jul-2018 07:46:10 UTC] PHP   3. do_action() /var/www/wordpress/wp-admin/admin.php:156
[09-Jul-2018 07:46:10 UTC] PHP   4. WP_Hook->do_action() /var/www/wordpress/wp-includes/plugin.php:453
[09-Jul-2018 07:46:10 UTC] PHP   5. WP_Hook->apply_filters() /var/www/wordpress/wp-includes/class-wp-hook.php:310
[09-Jul-2018 07:46:10 UTC] PHP   6. PayPal_ExpressCheckout->page_init() /var/www/wordpress/wp-includes/class-wp-hook.php:286
[09-Jul-2018 07:46:10 UTC] PHP   7. add_settings_section() /var/www/wordpress/wp-content/plugins/paypal_exprexxcheckout/express.php:89
[09-Jul-2018 07:46:10 UTC] PHP Notice:  Undefined variable: page in /var/www/wordpress/wp-admin/includes/template.php on line 1244
[09-Jul-2018 07:46:10 UTC] PHP Stack trace:
[09-Jul-2018 07:46:10 UTC] PHP   1. {main}() /var/www/wordpress/wp-admin/plugins.php:0
[09-Jul-2018 07:46:10 UTC] PHP   2. require_once() /var/www/wordpress/wp-admin/plugins.php:10
[09-Jul-2018 07:46:10 UTC] PHP   3. do_action() /var/www/wordpress/wp-admin/admin.php:156
[09-Jul-2018 07:46:10 UTC] PHP   4. WP_Hook->do_action() /var/www/wordpress/wp-includes/plugin.php:453
[09-Jul-2018 07:46:10 UTC] PHP   5. WP_Hook->apply_filters() /var/www/wordpress/wp-includes/class-wp-hook.php:310
[09-Jul-2018 07:46:10 UTC] PHP   6. PayPal_ExpressCheckout->page_init() /var/www/wordpress/wp-includes/class-wp-hook.php:286
[09-Jul-2018 07:46:10 UTC] PHP   7. add_settings_section() /var/www/wordpress/wp-content/plugins/paypal_exprexxcheckout/express.php:89
[09-Jul-2018 07:46:10 UTC] PHP Warning:  Cannot modify header information - headers already sent by (output started at /var/www/wordpress/wp-admin/includes/template.php:1224) in /var/www/wordpress/wp-admin/includes/misc.php on line 1124
[09-Jul-2018 07:46:10 UTC] PHP Stack trace:
[09-Jul-2018 07:46:10 UTC] PHP   1. {main}() /var/www/wordpress/wp-admin/plugins.php:0
[09-Jul-2018 07:46:10 UTC] PHP   2. require_once() /var/www/wordpress/wp-admin/plugins.php:10
[09-Jul-2018 07:46:10 UTC] PHP   3. do_action() /var/www/wordpress/wp-admin/admin.php:156
[09-Jul-2018 07:46:10 UTC] PHP   4. WP_Hook->do_action() /var/www/wordpress/wp-includes/plugin.php:453
[09-Jul-2018 07:46:10 UTC] PHP   5. WP_Hook->apply_filters() /var/www/wordpress/wp-includes/class-wp-hook.php:310
[09-Jul-2018 07:46:10 UTC] PHP   6. wp_admin_headers() /var/www/wordpress/wp-includes/class-wp-hook.php:286
[09-Jul-2018 07:46:10 UTC] PHP   7. header() /var/www/wordpress/wp-admin/includes/misc.php:1124
[09-Jul-2018 07:47:13 UTC] PHP Warning:  Missing argument 4 for add_settings_section(), called in /var/www/wordpress/wp-content/plugins/paypal_exprexxcheckout/express.php on line 89 and defined in /var/www/wordpress/wp-admin/includes/template.php on line 1221
[09-Jul-2018 07:47:13 UTC] PHP Stack trace:
[09-Jul-2018 07:47:13 UTC] PHP   1. {main}() /var/www/wordpress/wp-admin/admin-ajax.php:0
[09-Jul-2018 07:47:13 UTC] PHP   2. do_action() /var/www/wordpress/wp-admin/admin-ajax.php:44
[09-Jul-2018 07:47:13 UTC] PHP   3. WP_Hook->do_action() /var/www/wordpress/wp-includes/plugin.php:453
[09-Jul-2018 07:47:13 UTC] PHP   4. WP_Hook->apply_filters() /var/www/wordpress/wp-includes/class-wp-hook.php:310
[09-Jul-2018 07:47:13 UTC] PHP   5. PayPal_ExpressCheckout->page_init() /var/www/wordpress/wp-includes/class-wp-hook.php:286
[09-Jul-2018 07:47:13 UTC] PHP   6. add_settings_section() /var/www/wordpress/wp-content/plugins/paypal_exprexxcheckout/express.php:89
[09-Jul-2018 07:47:13 UTC] PHP Notice:  Undefined variable: page in /var/www/wordpress/wp-admin/includes/template.php on line 1224
[09-Jul-2018 07:47:13 UTC] PHP Stack trace:
[09-Jul-2018 07:47:13 UTC] PHP   1. {main}() /var/www/wordpress/wp-admin/admin-ajax.php:0
[09-Jul-2018 07:47:13 UTC] PHP   2. do_action() /var/www/wordpress/wp-admin/admin-ajax.php:44
[09-Jul-2018 07:47:13 UTC] PHP   3. WP_Hook->do_action() /var/www/wordpress/wp-includes/plugin.php:453
[09-Jul-2018 07:47:13 UTC] PHP   4. WP_Hook->apply_filters() /var/www/wordpress/wp-includes/class-wp-hook.php:310
[09-Jul-2018 07:47:13 UTC] PHP   5. PayPal_ExpressCheckout->page_init() /var/www/wordpress/wp-includes/class-wp-hook.php:286
[09-Jul-2018 07:47:13 UTC] PHP   6. add_settings_section() /var/www/wordpress/wp-content/plugins/paypal_exprexxcheckout/express.php:89
[09-Jul-2018 07:47:13 UTC] PHP Notice:  Undefined variable: page in /var/www/wordpress/wp-admin/includes/template.php on line 1234
[09-Jul-2018 07:47:13 UTC] PHP Stack trace:
[09-Jul-2018 07:47:13 UTC] PHP   1. {main}() /var/www/wordpress/wp-admin/admin-ajax.php:0
[09-Jul-2018 07:47:13 UTC] PHP   2. do_action() /var/www/wordpress/wp-admin/admin-ajax.php:44
[09-Jul-2018 07:47:13 UTC] PHP   3. WP_Hook->do_action() /var/www/wordpress/wp-includes/plugin.php:453
[09-Jul-2018 07:47:13 UTC] PHP   4. WP_Hook->apply_filters() /var/www/wordpress/wp-includes/class-wp-hook.php:310
[09-Jul-2018 07:47:13 UTC] PHP   5. PayPal_ExpressCheckout->page_init() /var/www/wordpress/wp-includes/class-wp-hook.php:286
[09-Jul-2018 07:47:13 UTC] PHP   6. add_settings_section() /var/www/wordpress/wp-content/plugins/paypal_exprexxcheckout/express.php:89
[09-Jul-2018 07:47:13 UTC] PHP Notice:  Undefined variable: page in /var/www/wordpress/wp-admin/includes/template.php on line 1244
[09-Jul-2018 07:47:13 UTC] PHP Stack trace:
[09-Jul-2018 07:47:13 UTC] PHP   1. {main}() /var/www/wordpress/wp-admin/admin-ajax.php:0
[09-Jul-2018 07:47:13 UTC] PHP   2. do_action() /var/www/wordpress/wp-admin/admin-ajax.php:44
[09-Jul-2018 07:47:13 UTC] PHP   3. WP_Hook->do_action() /var/www/wordpress/wp-includes/plugin.php:453
[09-Jul-2018 07:47:13 UTC] PHP   4. WP_Hook->apply_filters() /var/www/wordpress/wp-includes/class-wp-hook.php:310
[09-Jul-2018 07:47:13 UTC] PHP   5. PayPal_ExpressCheckout->page_init() /var/www/wordpress/wp-includes/class-wp-hook.php:286
[09-Jul-2018 07:47:13 UTC] PHP   6. add_settings_section() /var/www/wordpress/wp-content/plugins/paypal_exprexxcheckout/express.php:89
[09-Jul-2018 07:49:14 UTC] PHP Warning:  Missing argument 4 for add_settings_section(), called in /var/www/wordpress/wp-content/plugins/paypal_exprexxcheckout/express.php on line 89 and defined in /var/www/wordpress/wp-admin/includes/template.php on line 1221
[09-Jul-2018 07:49:14 UTC] PHP Stack trace:
[09-Jul-2018 07:49:14 UTC] PHP   1. {main}() /var/www/wordpress/wp-admin/admin-ajax.php:0
[09-Jul-2018 07:49:14 UTC] PHP   2. do_action() /var/www/wordpress/wp-admin/admin-ajax.php:44
[09-Jul-2018 07:49:14 UTC] PHP   3. WP_Hook->do_action() /var/www/wordpress/wp-includes/plugin.php:453
[09-Jul-2018 07:49:14 UTC] PHP   4. WP_Hook->apply_filters() /var/www/wordpress/wp-includes/class-wp-hook.php:310
[09-Jul-2018 07:49:14 UTC] PHP   5. PayPal_ExpressCheckout->page_init() /var/www/wordpress/wp-includes/class-wp-hook.php:286
[09-Jul-2018 07:49:14 UTC] PHP   6. add_settings_section() /var/www/wordpress/wp-content/plugins/paypal_exprexxcheckout/express.php:89
[09-Jul-2018 07:49:14 UTC] PHP Notice:  Undefined variable: page in /var/www/wordpress/wp-admin/includes/template.php on line 1224
[09-Jul-2018 07:49:14 UTC] PHP Stack trace:
[09-Jul-2018 07:49:14 UTC] PHP   1. {main}() /var/www/wordpress/wp-admin/admin-ajax.php:0
[09-Jul-2018 07:49:14 UTC] PHP   2. do_action() /var/www/wordpress/wp-admin/admin-ajax.php:44
[09-Jul-2018 07:49:14 UTC] PHP   3. WP_Hook->do_action() /var/www/wordpress/wp-includes/plugin.php:453
[09-Jul-2018 07:49:14 UTC] PHP   4. WP_Hook->apply_filters() /var/www/wordpress/wp-includes/class-wp-hook.php:310
[09-Jul-2018 07:49:14 UTC] PHP   5. PayPal_ExpressCheckout->page_init() /var/www/wordpress/wp-includes/class-wp-hook.php:286
[09-Jul-2018 07:49:14 UTC] PHP   6. add_settings_section() /var/www/wordpress/wp-content/plugins/paypal_exprexxcheckout/express.php:89
[09-Jul-2018 07:49:14 UTC] PHP Notice:  Undefined variable: page in /var/www/wordpress/wp-admin/includes/template.php on line 1234
[09-Jul-2018 07:49:14 UTC] PHP Stack trace:
[09-Jul-2018 07:49:14 UTC] PHP   1. {main}() /var/www/wordpress/wp-admin/admin-ajax.php:0
[09-Jul-2018 07:49:14 UTC] PHP   2. do_action() /var/www/wordpress/wp-admin/admin-ajax.php:44
[09-Jul-2018 07:49:14 UTC] PHP   3. WP_Hook->do_action() /var/www/wordpress/wp-includes/plugin.php:453
[09-Jul-2018 07:49:14 UTC] PHP   4. WP_Hook->apply_filters() /var/www/wordpress/wp-includes/class-wp-hook.php:310
[09-Jul-2018 07:49:14 UTC] PHP   5. PayPal_ExpressCheckout->page_init() /var/www/wordpress/wp-includes/class-wp-hook.php:286
[09-Jul-2018 07:49:14 UTC] PHP   6. add_settings_section() /var/www/wordpress/wp-content/plugins/paypal_exprexxcheckout/express.php:89
[09-Jul-2018 07:49:14 UTC] PHP Notice:  Undefined variable: page in /var/www/wordpress/wp-admin/includes/template.php on line 1244
[09-Jul-2018 07:49:14 UTC] PHP Stack trace:
[09-Jul-2018 07:49:14 UTC] PHP   1. {main}() /var/www/wordpress/wp-admin/admin-ajax.php:0
[09-Jul-2018 07:49:14 UTC] PHP   2. do_action() /var/www/wordpress/wp-admin/admin-ajax.php:44
[09-Jul-2018 07:49:14 UTC] PHP   3. WP_Hook->do_action() /var/www/wordpress/wp-includes/plugin.php:453
[09-Jul-2018 07:49:14 UTC] PHP   4. WP_Hook->apply_filters() /var/www/wordpress/wp-includes/class-wp-hook.php:310
[09-Jul-2018 07:49:14 UTC] PHP   5. PayPal_ExpressCheckout->page_init() /var/www/wordpress/wp-includes/class-wp-hook.php:286
[09-Jul-2018 07:49:14 UTC] PHP   6. add_settings_section() /var/www/wordpress/wp-content/plugins/paypal_exprexxcheckout/express.php:89
[09-Jul-2018 07:51:15 UTC] PHP Warning:  Missing argument 4 for add_settings_section(), called in /var/www/wordpress/wp-content/plugins/paypal_exprexxcheckout/express.php on line 89 and defined in /var/www/wordpress/wp-admin/includes/template.php on line 1221
[09-Jul-2018 07:51:15 UTC] PHP Stack trace:
[09-Jul-2018 07:51:15 UTC] PHP   1. {main}() /var/www/wordpress/wp-admin/admin-ajax.php:0
[09-Jul-2018 07:51:15 UTC] PHP   2. do_action() /var/www/wordpress/wp-admin/admin-ajax.php:44
[09-Jul-2018 07:51:15 UTC] PHP   3. WP_Hook->do_action() /var/www/wordpress/wp-includes/plugin.php:453
[09-Jul-2018 07:51:15 UTC] PHP   4. WP_Hook->apply_filters() /var/www/wordpress/wp-includes/class-wp-hook.php:310
[09-Jul-2018 07:51:15 UTC] PHP   5. PayPal_ExpressCheckout->page_init() /var/www/wordpress/wp-includes/class-wp-hook.php:286
[09-Jul-2018 07:51:15 UTC] PHP   6. add_settings_section() /var/www/wordpress/wp-content/plugins/paypal_exprexxcheckout/express.php:89
[09-Jul-2018 07:51:15 UTC] PHP Notice:  Undefined variable: page in /var/www/wordpress/wp-admin/includes/template.php on line 1224
[09-Jul-2018 07:51:15 UTC] PHP Stack trace:
[09-Jul-2018 07:51:15 UTC] PHP   1. {main}() /var/www/wordpress/wp-admin/admin-ajax.php:0
[09-Jul-2018 07:51:15 UTC] PHP   2. do_action() /var/www/wordpress/wp-admin/admin-ajax.php:44
[09-Jul-2018 07:51:15 UTC] PHP   3. WP_Hook->do_action() /var/www/wordpress/wp-includes/plugin.php:453
[09-Jul-2018 07:51:15 UTC] PHP   4. WP_Hook->apply_filters() /var/www/wordpress/wp-includes/class-wp-hook.php:310
[09-Jul-2018 07:51:15 UTC] PHP   5. PayPal_ExpressCheckout->page_init() /var/www/wordpress/wp-includes/class-wp-hook.php:286
[09-Jul-2018 07:51:15 UTC] PHP   6. add_settings_section() /var/www/wordpress/wp-content/plugins/paypal_exprexxcheckout/express.php:89
[09-Jul-2018 07:51:15 UTC] PHP Notice:  Undefined variable: page in /var/www/wordpress/wp-admin/includes/template.php on line 1234
[09-Jul-2018 07:51:15 UTC] PHP Stack trace:
[09-Jul-2018 07:51:15 UTC] PHP   1. {main}() /var/www/wordpress/wp-admin/admin-ajax.php:0
[09-Jul-2018 07:51:15 UTC] PHP   2. do_action() /var/www/wordpress/wp-admin/admin-ajax.php:44
[09-Jul-2018 07:51:15 UTC] PHP   3. WP_Hook->do_action() /var/www/wordpress/wp-includes/plugin.php:453
[09-Jul-2018 07:51:15 UTC] PHP   4. WP_Hook->apply_filters() /var/www/wordpress/wp-includes/class-wp-hook.php:310
[09-Jul-2018 07:51:15 UTC] PHP   5. PayPal_ExpressCheckout->page_init() /var/www/wordpress/wp-includes/class-wp-hook.php:286
[09-Jul-2018 07:51:15 UTC] PHP   6. add_settings_section() /var/www/wordpress/wp-content/plugins/paypal_exprexxcheckout/express.php:89
[09-Jul-2018 07:51:15 UTC] PHP Notice:  Undefined variable: page in /var/www/wordpress/wp-admin/includes/template.php on line 1244
[09-Jul-2018 07:51:15 UTC] PHP Stack trace:
[09-Jul-2018 07:51:15 UTC] PHP   1. {main}() /var/www/wordpress/wp-admin/admin-ajax.php:0
[09-Jul-2018 07:51:15 UTC] PHP   2. do_action() /var/www/wordpress/wp-admin/admin-ajax.php:44
[09-Jul-2018 07:51:15 UTC] PHP   3. WP_Hook->do_action() /var/www/wordpress/wp-includes/plugin.php:453
[09-Jul-2018 07:51:15 UTC] PHP   4. WP_Hook->apply_filters() /var/www/wordpress/wp-includes/class-wp-hook.php:310
[09-Jul-2018 07:51:15 UTC] PHP   5. PayPal_ExpressCheckout->page_init() /var/www/wordpress/wp-includes/class-wp-hook.php:286
[09-Jul-2018 07:51:15 UTC] PHP   6. add_settings_section() /var/www/wordpress/wp-content/plugins/paypal_exprexxcheckout/express.php:89
[09-Jul-2018 07:53:15 UTC] PHP Warning:  Missing argument 4 for add_settings_section(), called in /var/www/wordpress/wp-content/plugins/paypal_exprexxcheckout/express.php on line 89 and defined in /var/www/wordpress/wp-admin/includes/template.php on line 1221
[09-Jul-2018 07:53:15 UTC] PHP Stack trace:
[09-Jul-2018 07:53:15 UTC] PHP   1. {main}() /var/www/wordpress/wp-admin/admin-ajax.php:0
[09-Jul-2018 07:53:15 UTC] PHP   2. do_action() /var/www/wordpress/wp-admin/admin-ajax.php:44
[09-Jul-2018 07:53:15 UTC] PHP   3. WP_Hook->do_action() /var/www/wordpress/wp-includes/plugin.php:453
[09-Jul-2018 07:53:15 UTC] PHP   4. WP_Hook->apply_filters() /var/www/wordpress/wp-includes/class-wp-hook.php:310
[09-Jul-2018 07:53:15 UTC] PHP   5. PayPal_ExpressCheckout->page_init() /var/www/wordpress/wp-includes/class-wp-hook.php:286
[09-Jul-2018 07:53:15 UTC] PHP   6. add_settings_section() /var/www/wordpress/wp-content/plugins/paypal_exprexxcheckout/express.php:89
[09-Jul-2018 07:53:15 UTC] PHP Notice:  Undefined variable: page in /var/www/wordpress/wp-admin/includes/template.php on line 1224
[09-Jul-2018 07:53:15 UTC] PHP Stack trace:
[09-Jul-2018 07:53:15 UTC] PHP   1. {main}() /var/www/wordpress/wp-admin/admin-ajax.php:0
[09-Jul-2018 07:53:15 UTC] PHP   2. do_action() /var/www/wordpress/wp-admin/admin-ajax.php:44
[09-Jul-2018 07:53:15 UTC] PHP   3. WP_Hook->do_action() /var/www/wordpress/wp-includes/plugin.php:453
[09-Jul-2018 07:53:15 UTC] PHP   4. WP_Hook->apply_filters() /var/www/wordpress/wp-includes/class-wp-hook.php:310
[09-Jul-2018 07:53:15 UTC] PHP   5. PayPal_ExpressCheckout->page_init() /var/www/wordpress/wp-includes/class-wp-hook.php:286
[09-Jul-2018 07:53:15 UTC] PHP   6. add_settings_section() /var/www/wordpress/wp-content/plugins/paypal_exprexxcheckout/express.php:89
[09-Jul-2018 07:53:15 UTC] PHP Notice:  Undefined variable: page in /var/www/wordpress/wp-admin/includes/template.php on line 1234
[09-Jul-2018 07:53:15 UTC] PHP Stack trace:
[09-Jul-2018 07:53:15 UTC] PHP   1. {main}() /var/www/wordpress/wp-admin/admin-ajax.php:0
[09-Jul-2018 07:53:15 UTC] PHP   2. do_action() /var/www/wordpress/wp-admin/admin-ajax.php:44
[09-Jul-2018 07:53:15 UTC] PHP   3. WP_Hook->do_action() /var/www/wordpress/wp-includes/plugin.php:453
[09-Jul-2018 07:53:15 UTC] PHP   4. WP_Hook->apply_filters() /var/www/wordpress/wp-includes/class-wp-hook.php:310
[09-Jul-2018 07:53:15 UTC] PHP   5. PayPal_ExpressCheckout->page_init() /var/www/wordpress/wp-includes/class-wp-hook.php:286
[09-Jul-2018 07:53:15 UTC] PHP   6. add_settings_section() /var/www/wordpress/wp-content/plugins/paypal_exprexxcheckout/express.php:89
[09-Jul-2018 07:53:15 UTC] PHP Notice:  Undefined variable: page in /var/www/wordpress/wp-admin/includes/template.php on line 1244
[09-Jul-2018 07:53:15 UTC] PHP Stack trace:
[09-Jul-2018 07:53:15 UTC] PHP   1. {main}() /var/www/wordpress/wp-admin/admin-ajax.php:0
[09-Jul-2018 07:53:15 UTC] PHP   2. do_action() /var/www/wordpress/wp-admin/admin-ajax.php:44
[09-Jul-2018 07:53:15 UTC] PHP   3. WP_Hook->do_action() /var/www/wordpress/wp-includes/plugin.php:453
[09-Jul-2018 07:53:15 UTC] PHP   4. WP_Hook->apply_filters() /var/www/wordpress/wp-includes/class-wp-hook.php:310
[09-Jul-2018 07:53:15 UTC] PHP   5. PayPal_ExpressCheckout->page_init() /var/www/wordpress/wp-includes/class-wp-hook.php:286
[09-Jul-2018 07:53:15 UTC] PHP   6. add_settings_section() /var/www/wordpress/wp-content/plugins/paypal_exprexxcheckout/express.php:89
[09-Jul-2018 07:55:16 UTC] PHP Warning:  Missing argument 4 for add_settings_section(), called in /var/www/wordpress/wp-content/plugins/paypal_exprexxcheckout/express.php on line 89 and defined in /var/www/wordpress/wp-admin/includes/template.php on line 1221
[09-Jul-2018 07:55:16 UTC] PHP Stack trace:
[09-Jul-2018 07:55:16 UTC] PHP   1. {main}() /var/www/wordpress/wp-admin/admin-ajax.php:0
[09-Jul-2018 07:55:16 UTC] PHP   2. do_action() /var/www/wordpress/wp-admin/admin-ajax.php:44
[09-Jul-2018 07:55:16 UTC] PHP   3. WP_Hook->do_action() /var/www/wordpress/wp-includes/plugin.php:453
[09-Jul-2018 07:55:16 UTC] PHP   4. WP_Hook->apply_filters() /var/www/wordpress/wp-includes/class-wp-hook.php:310
[09-Jul-2018 07:55:16 UTC] PHP   5. PayPal_ExpressCheckout->page_init() /var/www/wordpress/wp-includes/class-wp-hook.php:286
[09-Jul-2018 07:55:16 UTC] PHP   6. add_settings_section() /var/www/wordpress/wp-content/plugins/paypal_exprexxcheckout/express.php:89
[09-Jul-2018 07:55:16 UTC] PHP Notice:  Undefined variable: page in /var/www/wordpress/wp-admin/includes/template.php on line 1224
[09-Jul-2018 07:55:16 UTC] PHP Stack trace:
[09-Jul-2018 07:55:16 UTC] PHP   1. {main}() /var/www/wordpress/wp-admin/admin-ajax.php:0
[09-Jul-2018 07:55:16 UTC] PHP   2. do_action() /var/www/wordpress/wp-admin/admin-ajax.php:44
[09-Jul-2018 07:55:16 UTC] PHP   3. WP_Hook->do_action() /var/www/wordpress/wp-includes/plugin.php:453
[09-Jul-2018 07:55:16 UTC] PHP   4. WP_Hook->apply_filters() /var/www/wordpress/wp-includes/class-wp-hook.php:310
[09-Jul-2018 07:55:16 UTC] PHP   5. PayPal_ExpressCheckout->page_init() /var/www/wordpress/wp-includes/class-wp-hook.php:286
[09-Jul-2018 07:55:16 UTC] PHP   6. add_settings_section() /var/www/wordpress/wp-content/plugins/paypal_exprexxcheckout/express.php:89
[09-Jul-2018 07:55:16 UTC] PHP Notice:  Undefined variable: page in /var/www/wordpress/wp-admin/includes/template.php on line 1234
[09-Jul-2018 07:55:16 UTC] PHP Stack trace:
[09-Jul-2018 07:55:16 UTC] PHP   1. {main}() /var/www/wordpress/wp-admin/admin-ajax.php:0
[09-Jul-2018 07:55:16 UTC] PHP   2. do_action() /var/www/wordpress/wp-admin/admin-ajax.php:44
[09-Jul-2018 07:55:16 UTC] PHP   3. WP_Hook->do_action() /var/www/wordpress/wp-includes/plugin.php:453
[09-Jul-2018 07:55:16 UTC] PHP   4. WP_Hook->apply_filters() /var/www/wordpress/wp-includes/class-wp-hook.php:310
[09-Jul-2018 07:55:16 UTC] PHP   5. PayPal_ExpressCheckout->page_init() /var/www/wordpress/wp-includes/class-wp-hook.php:286
[09-Jul-2018 07:55:16 UTC] PHP   6. add_settings_section() /var/www/wordpress/wp-content/plugins/paypal_exprexxcheckout/express.php:89
[09-Jul-2018 07:55:16 UTC] PHP Notice:  Undefined variable: page in /var/www/wordpress/wp-admin/includes/template.php on line 1244
[09-Jul-2018 07:55:16 UTC] PHP Stack trace:
[09-Jul-2018 07:55:16 UTC] PHP   1. {main}() /var/www/wordpress/wp-admin/admin-ajax.php:0
[09-Jul-2018 07:55:16 UTC] PHP   2. do_action() /var/www/wordpress/wp-admin/admin-ajax.php:44
[09-Jul-2018 07:55:16 UTC] PHP   3. WP_Hook->do_action() /var/www/wordpress/wp-includes/plugin.php:453
[09-Jul-2018 07:55:16 UTC] PHP   4. WP_Hook->apply_filters() /var/www/wordpress/wp-includes/class-wp-hook.php:310
[09-Jul-2018 07:55:16 UTC] PHP   5. PayPal_ExpressCheckout->page_init() /var/www/wordpress/wp-includes/class-wp-hook.php:286
[09-Jul-2018 07:55:16 UTC] PHP   6. add_settings_section() /var/www/wordpress/wp-content/plugins/paypal_exprexxcheckout/express.php:89
[09-Jul-2018 07:55:36 UTC] PHP Warning:  Missing argument 4 for add_settings_section(), called in /var/www/wordpress/wp-content/plugins/paypal_exprexxcheckout/express.php on line 90 and defined in /var/www/wordpress/wp-admin/includes/template.php on line 1221
[09-Jul-2018 07:55:36 UTC] PHP Stack trace:
[09-Jul-2018 07:55:36 UTC] PHP   1. {main}() /var/www/wordpress/wp-admin/plugins.php:0
[09-Jul-2018 07:55:36 UTC] PHP   2. require_once() /var/www/wordpress/wp-admin/plugins.php:10
[09-Jul-2018 07:55:36 UTC] PHP   3. do_action() /var/www/wordpress/wp-admin/admin.php:156
[09-Jul-2018 07:55:36 UTC] PHP   4. WP_Hook->do_action() /var/www/wordpress/wp-includes/plugin.php:453
[09-Jul-2018 07:55:36 UTC] PHP   5. WP_Hook->apply_filters() /var/www/wordpress/wp-includes/class-wp-hook.php:310
[09-Jul-2018 07:55:36 UTC] PHP   6. PayPal_ExpressCheckout->page_init() /var/www/wordpress/wp-includes/class-wp-hook.php:286
[09-Jul-2018 07:55:36 UTC] PHP   7. add_settings_section() /var/www/wordpress/wp-content/plugins/paypal_exprexxcheckout/express.php:90
[09-Jul-2018 07:55:36 UTC] PHP Notice:  Undefined variable: page in /var/www/wordpress/wp-admin/includes/template.php on line 1224
[09-Jul-2018 07:55:36 UTC] PHP Stack trace:
[09-Jul-2018 07:55:36 UTC] PHP   1. {main}() /var/www/wordpress/wp-admin/plugins.php:0
[09-Jul-2018 07:55:36 UTC] PHP   2. require_once() /var/www/wordpress/wp-admin/plugins.php:10
[09-Jul-2018 07:55:36 UTC] PHP   3. do_action() /var/www/wordpress/wp-admin/admin.php:156
[09-Jul-2018 07:55:36 UTC] PHP   4. WP_Hook->do_action() /var/www/wordpress/wp-includes/plugin.php:453
[09-Jul-2018 07:55:36 UTC] PHP   5. WP_Hook->apply_filters() /var/www/wordpress/wp-includes/class-wp-hook.php:310
[09-Jul-2018 07:55:36 UTC] PHP   6. PayPal_ExpressCheckout->page_init() /var/www/wordpress/wp-includes/class-wp-hook.php:286
[09-Jul-2018 07:55:36 UTC] PHP   7. add_settings_section() /var/www/wordpress/wp-content/plugins/paypal_exprexxcheckout/express.php:90
[09-Jul-2018 07:55:36 UTC] PHP Notice:  Undefined variable: page in /var/www/wordpress/wp-admin/includes/template.php on line 1234
[09-Jul-2018 07:55:36 UTC] PHP Stack trace:
[09-Jul-2018 07:55:36 UTC] PHP   1. {main}() /var/www/wordpress/wp-admin/plugins.php:0
[09-Jul-2018 07:55:36 UTC] PHP   2. require_once() /var/www/wordpress/wp-admin/plugins.php:10
[09-Jul-2018 07:55:36 UTC] PHP   3. do_action() /var/www/wordpress/wp-admin/admin.php:156
[09-Jul-2018 07:55:36 UTC] PHP   4. WP_Hook->do_action() /var/www/wordpress/wp-includes/plugin.php:453
[09-Jul-2018 07:55:36 UTC] PHP   5. WP_Hook->apply_filters() /var/www/wordpress/wp-includes/class-wp-hook.php:310
[09-Jul-2018 07:55:36 UTC] PHP   6. PayPal_ExpressCheckout->page_init() /var/www/wordpress/wp-includes/class-wp-hook.php:286
[09-Jul-2018 07:55:36 UTC] PHP   7. add_settings_section() /var/www/wordpress/wp-content/plugins/paypal_exprexxcheckout/express.php:90
[09-Jul-2018 07:55:36 UTC] PHP Notice:  Undefined variable: page in /var/www/wordpress/wp-admin/includes/template.php on line 1244
[09-Jul-2018 07:55:36 UTC] PHP Stack trace:
[09-Jul-2018 07:55:36 UTC] PHP   1. {main}() /var/www/wordpress/wp-admin/plugins.php:0
[09-Jul-2018 07:55:36 UTC] PHP   2. require_once() /var/www/wordpress/wp-admin/plugins.php:10
[09-Jul-2018 07:55:36 UTC] PHP   3. do_action() /var/www/wordpress/wp-admin/admin.php:156
[09-Jul-2018 07:55:36 UTC] PHP   4. WP_Hook->do_action() /var/www/wordpress/wp-includes/plugin.php:453
[09-Jul-2018 07:55:36 UTC] PHP   5. WP_Hook->apply_filters() /var/www/wordpress/wp-includes/class-wp-hook.php:310
[09-Jul-2018 07:55:36 UTC] PHP   6. PayPal_ExpressCheckout->page_init() /var/www/wordpress/wp-includes/class-wp-hook.php:286
[09-Jul-2018 07:55:36 UTC] PHP   7. add_settings_section() /var/www/wordpress/wp-content/plugins/paypal_exprexxcheckout/express.php:90
[09-Jul-2018 07:55:36 UTC] PHP Warning:  Cannot modify header information - headers already sent by (output started at /var/www/wordpress/wp-admin/includes/template.php:1224) in /var/www/wordpress/wp-admin/includes/misc.php on line 1124
[09-Jul-2018 07:55:36 UTC] PHP Stack trace:
[09-Jul-2018 07:55:36 UTC] PHP   1. {main}() /var/www/wordpress/wp-admin/plugins.php:0
[09-Jul-2018 07:55:36 UTC] PHP   2. require_once() /var/www/wordpress/wp-admin/plugins.php:10
[09-Jul-2018 07:55:36 UTC] PHP   3. do_action() /var/www/wordpress/wp-admin/admin.php:156
[09-Jul-2018 07:55:36 UTC] PHP   4. WP_Hook->do_action() /var/www/wordpress/wp-includes/plugin.php:453
[09-Jul-2018 07:55:36 UTC] PHP   5. WP_Hook->apply_filters() /var/www/wordpress/wp-includes/class-wp-hook.php:310
[09-Jul-2018 07:55:36 UTC] PHP   6. wp_admin_headers() /var/www/wordpress/wp-includes/class-wp-hook.php:286
[09-Jul-2018 07:55:36 UTC] PHP   7. header() /var/www/wordpress/wp-admin/includes/misc.php:1124
[09-Jul-2018 07:55:52 UTC] PHP Parse error:  syntax error, unexpected ')' in /var/www/wordpress/wp-content/plugins/paypal_exprexxcheckout/express.php on line 85
[09-Jul-2018 07:56:00 UTC] PHP Warning:  Missing argument 4 for add_settings_section(), called in /var/www/wordpress/wp-content/plugins/paypal_exprexxcheckout/express.php on line 90 and defined in /var/www/wordpress/wp-admin/includes/template.php on line 1221
[09-Jul-2018 07:56:00 UTC] PHP Stack trace:
[09-Jul-2018 07:56:00 UTC] PHP   1. {main}() /var/www/wordpress/wp-admin/plugins.php:0
[09-Jul-2018 07:56:00 UTC] PHP   2. require_once() /var/www/wordpress/wp-admin/plugins.php:10
[09-Jul-2018 07:56:00 UTC] PHP   3. do_action() /var/www/wordpress/wp-admin/admin.php:156
[09-Jul-2018 07:56:00 UTC] PHP   4. WP_Hook->do_action() /var/www/wordpress/wp-includes/plugin.php:453
[09-Jul-2018 07:56:00 UTC] PHP   5. WP_Hook->apply_filters() /var/www/wordpress/wp-includes/class-wp-hook.php:310
[09-Jul-2018 07:56:00 UTC] PHP   6. PayPal_ExpressCheckout->page_init() /var/www/wordpress/wp-includes/class-wp-hook.php:286
[09-Jul-2018 07:56:00 UTC] PHP   7. add_settings_section() /var/www/wordpress/wp-content/plugins/paypal_exprexxcheckout/express.php:90
[09-Jul-2018 07:56:00 UTC] PHP Notice:  Undefined variable: page in /var/www/wordpress/wp-admin/includes/template.php on line 1224
[09-Jul-2018 07:56:00 UTC] PHP Stack trace:
[09-Jul-2018 07:56:00 UTC] PHP   1. {main}() /var/www/wordpress/wp-admin/plugins.php:0
[09-Jul-2018 07:56:00 UTC] PHP   2. require_once() /var/www/wordpress/wp-admin/plugins.php:10
[09-Jul-2018 07:56:00 UTC] PHP   3. do_action() /var/www/wordpress/wp-admin/admin.php:156
[09-Jul-2018 07:56:00 UTC] PHP   4. WP_Hook->do_action() /var/www/wordpress/wp-includes/plugin.php:453
[09-Jul-2018 07:56:00 UTC] PHP   5. WP_Hook->apply_filters() /var/www/wordpress/wp-includes/class-wp-hook.php:310
[09-Jul-2018 07:56:00 UTC] PHP   6. PayPal_ExpressCheckout->page_init() /var/www/wordpress/wp-includes/class-wp-hook.php:286
[09-Jul-2018 07:56:00 UTC] PHP   7. add_settings_section() /var/www/wordpress/wp-content/plugins/paypal_exprexxcheckout/express.php:90
[09-Jul-2018 07:56:00 UTC] PHP Notice:  Undefined variable: page in /var/www/wordpress/wp-admin/includes/template.php on line 1234
[09-Jul-2018 07:56:00 UTC] PHP Stack trace:
[09-Jul-2018 07:56:00 UTC] PHP   1. {main}() /var/www/wordpress/wp-admin/plugins.php:0
[09-Jul-2018 07:56:00 UTC] PHP   2. require_once() /var/www/wordpress/wp-admin/plugins.php:10
[09-Jul-2018 07:56:00 UTC] PHP   3. do_action() /var/www/wordpress/wp-admin/admin.php:156
[09-Jul-2018 07:56:00 UTC] PHP   4. WP_Hook->do_action() /var/www/wordpress/wp-includes/plugin.php:453
[09-Jul-2018 07:56:00 UTC] PHP   5. WP_Hook->apply_filters() /var/www/wordpress/wp-includes/class-wp-hook.php:310
[09-Jul-2018 07:56:00 UTC] PHP   6. PayPal_ExpressCheckout->page_init() /var/www/wordpress/wp-includes/class-wp-hook.php:286
[09-Jul-2018 07:56:00 UTC] PHP   7. add_settings_section() /var/www/wordpress/wp-content/plugins/paypal_exprexxcheckout/express.php:90
[09-Jul-2018 07:56:00 UTC] PHP Notice:  Undefined variable: page in /var/www/wordpress/wp-admin/includes/template.php on line 1244
[09-Jul-2018 07:56:00 UTC] PHP Stack trace:
[09-Jul-2018 07:56:00 UTC] PHP   1. {main}() /var/www/wordpress/wp-admin/plugins.php:0
[09-Jul-2018 07:56:00 UTC] PHP   2. require_once() /var/www/wordpress/wp-admin/plugins.php:10
[09-Jul-2018 07:56:00 UTC] PHP   3. do_action() /var/www/wordpress/wp-admin/admin.php:156
[09-Jul-2018 07:56:00 UTC] PHP   4. WP_Hook->do_action() /var/www/wordpress/wp-includes/plugin.php:453
[09-Jul-2018 07:56:00 UTC] PHP   5. WP_Hook->apply_filters() /var/www/wordpress/wp-includes/class-wp-hook.php:310
[09-Jul-2018 07:56:00 UTC] PHP   6. PayPal_ExpressCheckout->page_init() /var/www/wordpress/wp-includes/class-wp-hook.php:286
[09-Jul-2018 07:56:00 UTC] PHP   7. add_settings_section() /var/www/wordpress/wp-content/plugins/paypal_exprexxcheckout/express.php:90
[09-Jul-2018 07:56:00 UTC] PHP Warning:  Cannot modify header information - headers already sent by (output started at /var/www/wordpress/wp-admin/includes/template.php:1224) in /var/www/wordpress/wp-admin/includes/misc.php on line 1124
[09-Jul-2018 07:56:00 UTC] PHP Stack trace:
[09-Jul-2018 07:56:00 UTC] PHP   1. {main}() /var/www/wordpress/wp-admin/plugins.php:0
[09-Jul-2018 07:56:00 UTC] PHP   2. require_once() /var/www/wordpress/wp-admin/plugins.php:10
[09-Jul-2018 07:56:00 UTC] PHP   3. do_action() /var/www/wordpress/wp-admin/admin.php:156
[09-Jul-2018 07:56:00 UTC] PHP   4. WP_Hook->do_action() /var/www/wordpress/wp-includes/plugin.php:453
[09-Jul-2018 07:56:00 UTC] PHP   5. WP_Hook->apply_filters() /var/www/wordpress/wp-includes/class-wp-hook.php:310
[09-Jul-2018 07:56:00 UTC] PHP   6. wp_admin_headers() /var/www/wordpress/wp-includes/class-wp-hook.php:286
[09-Jul-2018 07:56:00 UTC] PHP   7. header() /var/www/wordpress/wp-admin/includes/misc.php:1124
[09-Jul-2018 07:57:01 UTC] PHP Warning:  Missing argument 4 for add_settings_section(), called in /var/www/wordpress/wp-content/plugins/paypal_exprexxcheckout/express.php on line 90 and defined in /var/www/wordpress/wp-admin/includes/template.php on line 1221
[09-Jul-2018 07:57:01 UTC] PHP Stack trace:
[09-Jul-2018 07:57:01 UTC] PHP   1. {main}() /var/www/wordpress/wp-admin/admin-ajax.php:0
[09-Jul-2018 07:57:01 UTC] PHP   2. do_action() /var/www/wordpress/wp-admin/admin-ajax.php:44
[09-Jul-2018 07:57:01 UTC] PHP   3. WP_Hook->do_action() /var/www/wordpress/wp-includes/plugin.php:453
[09-Jul-2018 07:57:01 UTC] PHP   4. WP_Hook->apply_filters() /var/www/wordpress/wp-includes/class-wp-hook.php:310
[09-Jul-2018 07:57:01 UTC] PHP   5. PayPal_ExpressCheckout->page_init() /var/www/wordpress/wp-includes/class-wp-hook.php:286
[09-Jul-2018 07:57:01 UTC] PHP   6. add_settings_section() /var/www/wordpress/wp-content/plugins/paypal_exprexxcheckout/express.php:90
[09-Jul-2018 07:57:01 UTC] PHP Notice:  Undefined variable: page in /var/www/wordpress/wp-admin/includes/template.php on line 1224
[09-Jul-2018 07:57:01 UTC] PHP Stack trace:
[09-Jul-2018 07:57:01 UTC] PHP   1. {main}() /var/www/wordpress/wp-admin/admin-ajax.php:0
[09-Jul-2018 07:57:01 UTC] PHP   2. do_action() /var/www/wordpress/wp-admin/admin-ajax.php:44
[09-Jul-2018 07:57:01 UTC] PHP   3. WP_Hook->do_action() /var/www/wordpress/wp-includes/plugin.php:453
[09-Jul-2018 07:57:01 UTC] PHP   4. WP_Hook->apply_filters() /var/www/wordpress/wp-includes/class-wp-hook.php:310
[09-Jul-2018 07:57:01 UTC] PHP   5. PayPal_ExpressCheckout->page_init() /var/www/wordpress/wp-includes/class-wp-hook.php:286
[09-Jul-2018 07:57:01 UTC] PHP   6. add_settings_section() /var/www/wordpress/wp-content/plugins/paypal_exprexxcheckout/express.php:90
[09-Jul-2018 07:57:01 UTC] PHP Notice:  Undefined variable: page in /var/www/wordpress/wp-admin/includes/template.php on line 1234
[09-Jul-2018 07:57:01 UTC] PHP Stack trace:
[09-Jul-2018 07:57:01 UTC] PHP   1. {main}() /var/www/wordpress/wp-admin/admin-ajax.php:0
[09-Jul-2018 07:57:01 UTC] PHP   2. do_action() /var/www/wordpress/wp-admin/admin-ajax.php:44
[09-Jul-2018 07:57:01 UTC] PHP   3. WP_Hook->do_action() /var/www/wordpress/wp-includes/plugin.php:453
[09-Jul-2018 07:57:01 UTC] PHP   4. WP_Hook->apply_filters() /var/www/wordpress/wp-includes/class-wp-hook.php:310
[09-Jul-2018 07:57:01 UTC] PHP   5. PayPal_ExpressCheckout->page_init() /var/www/wordpress/wp-includes/class-wp-hook.php:286
[09-Jul-2018 07:57:01 UTC] PHP   6. add_settings_section() /var/www/wordpress/wp-content/plugins/paypal_exprexxcheckout/express.php:90
[09-Jul-2018 07:57:01 UTC] PHP Notice:  Undefined variable: page in /var/www/wordpress/wp-admin/includes/template.php on line 1244
[09-Jul-2018 07:57:01 UTC] PHP Stack trace:
[09-Jul-2018 07:57:01 UTC] PHP   1. {main}() /var/www/wordpress/wp-admin/admin-ajax.php:0
[09-Jul-2018 07:57:01 UTC] PHP   2. do_action() /var/www/wordpress/wp-admin/admin-ajax.php:44
[09-Jul-2018 07:57:01 UTC] PHP   3. WP_Hook->do_action() /var/www/wordpress/wp-includes/plugin.php:453
[09-Jul-2018 07:57:01 UTC] PHP   4. WP_Hook->apply_filters() /var/www/wordpress/wp-includes/class-wp-hook.php:310
[09-Jul-2018 07:57:01 UTC] PHP   5. PayPal_ExpressCheckout->page_init() /var/www/wordpress/wp-includes/class-wp-hook.php:286
[09-Jul-2018 07:57:01 UTC] PHP   6. add_settings_section() /var/www/wordpress/wp-content/plugins/paypal_exprexxcheckout/express.php:90
[09-Jul-2018 07:58:28 UTC] PHP Warning:  Missing argument 4 for add_settings_section(), called in /var/www/wordpress/wp-content/plugins/paypal_exprexxcheckout/express.php on line 90 and defined in /var/www/wordpress/wp-admin/includes/template.php on line 1221
[09-Jul-2018 07:58:28 UTC] PHP Stack trace:
[09-Jul-2018 07:58:28 UTC] PHP   1. {main}() /var/www/wordpress/wp-admin/admin-ajax.php:0
[09-Jul-2018 07:58:28 UTC] PHP   2. do_action() /var/www/wordpress/wp-admin/admin-ajax.php:44
[09-Jul-2018 07:58:28 UTC] PHP   3. WP_Hook->do_action() /var/www/wordpress/wp-includes/plugin.php:453
[09-Jul-2018 07:58:28 UTC] PHP   4. WP_Hook->apply_filters() /var/www/wordpress/wp-includes/class-wp-hook.php:310
[09-Jul-2018 07:58:28 UTC] PHP   5. PayPal_ExpressCheckout->page_init() /var/www/wordpress/wp-includes/class-wp-hook.php:286
[09-Jul-2018 07:58:28 UTC] PHP   6. add_settings_section() /var/www/wordpress/wp-content/plugins/paypal_exprexxcheckout/express.php:90
[09-Jul-2018 07:58:28 UTC] PHP Notice:  Undefined variable: page in /var/www/wordpress/wp-admin/includes/template.php on line 1224
[09-Jul-2018 07:58:28 UTC] PHP Stack trace:
[09-Jul-2018 07:58:28 UTC] PHP   1. {main}() /var/www/wordpress/wp-admin/admin-ajax.php:0
[09-Jul-2018 07:58:28 UTC] PHP   2. do_action() /var/www/wordpress/wp-admin/admin-ajax.php:44
[09-Jul-2018 07:58:28 UTC] PHP   3. WP_Hook->do_action() /var/www/wordpress/wp-includes/plugin.php:453
[09-Jul-2018 07:58:28 UTC] PHP   4. WP_Hook->apply_filters() /var/www/wordpress/wp-includes/class-wp-hook.php:310
[09-Jul-2018 07:58:28 UTC] PHP   5. PayPal_ExpressCheckout->page_init() /var/www/wordpress/wp-includes/class-wp-hook.php:286
[09-Jul-2018 07:58:28 UTC] PHP   6. add_settings_section() /var/www/wordpress/wp-content/plugins/paypal_exprexxcheckout/express.php:90
[09-Jul-2018 07:58:28 UTC] PHP Notice:  Undefined variable: page in /var/www/wordpress/wp-admin/includes/template.php on line 1234
[09-Jul-2018 07:58:28 UTC] PHP Stack trace:
[09-Jul-2018 07:58:28 UTC] PHP   1. {main}() /var/www/wordpress/wp-admin/admin-ajax.php:0
[09-Jul-2018 07:58:28 UTC] PHP   2. do_action() /var/www/wordpress/wp-admin/admin-ajax.php:44
[09-Jul-2018 07:58:28 UTC] PHP   3. WP_Hook->do_action() /var/www/wordpress/wp-includes/plugin.php:453
[09-Jul-2018 07:58:28 UTC] PHP   4. WP_Hook->apply_filters() /var/www/wordpress/wp-includes/class-wp-hook.php:310
[09-Jul-2018 07:58:28 UTC] PHP   5. PayPal_ExpressCheckout->page_init() /var/www/wordpress/wp-includes/class-wp-hook.php:286
[09-Jul-2018 07:58:28 UTC] PHP   6. add_settings_section() /var/www/wordpress/wp-content/plugins/paypal_exprexxcheckout/express.php:90
[09-Jul-2018 07:58:28 UTC] PHP Notice:  Undefined variable: page in /var/www/wordpress/wp-admin/includes/template.php on line 1244
[09-Jul-2018 07:58:28 UTC] PHP Stack trace:
[09-Jul-2018 07:58:28 UTC] PHP   1. {main}() /var/www/wordpress/wp-admin/admin-ajax.php:0
[09-Jul-2018 07:58:28 UTC] PHP   2. do_action() /var/www/wordpress/wp-admin/admin-ajax.php:44
[09-Jul-2018 07:58:28 UTC] PHP   3. WP_Hook->do_action() /var/www/wordpress/wp-includes/plugin.php:453
[09-Jul-2018 07:58:28 UTC] PHP   4. WP_Hook->apply_filters() /var/www/wordpress/wp-includes/class-wp-hook.php:310
[09-Jul-2018 07:58:28 UTC] PHP   5. PayPal_ExpressCheckout->page_init() /var/www/wordpress/wp-includes/class-wp-hook.php:286
[09-Jul-2018 07:58:28 UTC] PHP   6. add_settings_section() /var/www/wordpress/wp-content/plugins/paypal_exprexxcheckout/express.php:90
[09-Jul-2018 07:59:29 UTC] PHP Warning:  Missing argument 4 for add_settings_section(), called in /var/www/wordpress/wp-content/plugins/paypal_exprexxcheckout/express.php on line 90 and defined in /var/www/wordpress/wp-admin/includes/template.php on line 1221
[09-Jul-2018 07:59:29 UTC] PHP Stack trace:
[09-Jul-2018 07:59:29 UTC] PHP   1. {main}() /var/www/wordpress/wp-admin/admin-ajax.php:0
[09-Jul-2018 07:59:29 UTC] PHP   2. do_action() /var/www/wordpress/wp-admin/admin-ajax.php:44
[09-Jul-2018 07:59:29 UTC] PHP   3. WP_Hook->do_action() /var/www/wordpress/wp-includes/plugin.php:453
[09-Jul-2018 07:59:29 UTC] PHP   4. WP_Hook->apply_filters() /var/www/wordpress/wp-includes/class-wp-hook.php:310
[09-Jul-2018 07:59:29 UTC] PHP   5. PayPal_ExpressCheckout->page_init() /var/www/wordpress/wp-includes/class-wp-hook.php:286
[09-Jul-2018 07:59:29 UTC] PHP   6. add_settings_section() /var/www/wordpress/wp-content/plugins/paypal_exprexxcheckout/express.php:90
[09-Jul-2018 07:59:29 UTC] PHP Notice:  Undefined variable: page in /var/www/wordpress/wp-admin/includes/template.php on line 1224
[09-Jul-2018 07:59:29 UTC] PHP Stack trace:
[09-Jul-2018 07:59:29 UTC] PHP   1. {main}() /var/www/wordpress/wp-admin/admin-ajax.php:0
[09-Jul-2018 07:59:29 UTC] PHP   2. do_action() /var/www/wordpress/wp-admin/admin-ajax.php:44
[09-Jul-2018 07:59:29 UTC] PHP   3. WP_Hook->do_action() /var/www/wordpress/wp-includes/plugin.php:453
[09-Jul-2018 07:59:29 UTC] PHP   4. WP_Hook->apply_filters() /var/www/wordpress/wp-includes/class-wp-hook.php:310
[09-Jul-2018 07:59:29 UTC] PHP   5. PayPal_ExpressCheckout->page_init() /var/www/wordpress/wp-includes/class-wp-hook.php:286
[09-Jul-2018 07:59:29 UTC] PHP   6. add_settings_section() /var/www/wordpress/wp-content/plugins/paypal_exprexxcheckout/express.php:90
[09-Jul-2018 07:59:29 UTC] PHP Notice:  Undefined variable: page in /var/www/wordpress/wp-admin/includes/template.php on line 1234
[09-Jul-2018 07:59:29 UTC] PHP Stack trace:
[09-Jul-2018 07:59:29 UTC] PHP   1. {main}() /var/www/wordpress/wp-admin/admin-ajax.php:0
[09-Jul-2018 07:59:29 UTC] PHP   2. do_action() /var/www/wordpress/wp-admin/admin-ajax.php:44
[09-Jul-2018 07:59:29 UTC] PHP   3. WP_Hook->do_action() /var/www/wordpress/wp-includes/plugin.php:453
[09-Jul-2018 07:59:29 UTC] PHP   4. WP_Hook->apply_filters() /var/www/wordpress/wp-includes/class-wp-hook.php:310
[09-Jul-2018 07:59:29 UTC] PHP   5. PayPal_ExpressCheckout->page_init() /var/www/wordpress/wp-includes/class-wp-hook.php:286
[09-Jul-2018 07:59:29 UTC] PHP   6. add_settings_section() /var/www/wordpress/wp-content/plugins/paypal_exprexxcheckout/express.php:90
[09-Jul-2018 07:59:29 UTC] PHP Notice:  Undefined variable: page in /var/www/wordpress/wp-admin/includes/template.php on line 1244
[09-Jul-2018 07:59:29 UTC] PHP Stack trace:
[09-Jul-2018 07:59:29 UTC] PHP   1. {main}() /var/www/wordpress/wp-admin/admin-ajax.php:0
[09-Jul-2018 07:59:29 UTC] PHP   2. do_action() /var/www/wordpress/wp-admin/admin-ajax.php:44
[09-Jul-2018 07:59:29 UTC] PHP   3. WP_Hook->do_action() /var/www/wordpress/wp-includes/plugin.php:453
[09-Jul-2018 07:59:29 UTC] PHP   4. WP_Hook->apply_filters() /var/www/wordpress/wp-includes/class-wp-hook.php:310
[09-Jul-2018 07:59:29 UTC] PHP   5. PayPal_ExpressCheckout->page_init() /var/www/wordpress/wp-includes/class-wp-hook.php:286
[09-Jul-2018 07:59:29 UTC] PHP   6. add_settings_section() /var/www/wordpress/wp-content/plugins/paypal_exprexxcheckout/express.php:90
[09-Jul-2018 08:01:29 UTC] PHP Warning:  Missing argument 4 for add_settings_section(), called in /var/www/wordpress/wp-content/plugins/paypal_exprexxcheckout/express.php on line 90 and defined in /var/www/wordpress/wp-admin/includes/template.php on line 1221
[09-Jul-2018 08:01:29 UTC] PHP Stack trace:
[09-Jul-2018 08:01:29 UTC] PHP   1. {main}() /var/www/wordpress/wp-admin/admin-ajax.php:0
[09-Jul-2018 08:01:29 UTC] PHP   2. do_action() /var/www/wordpress/wp-admin/admin-ajax.php:44
[09-Jul-2018 08:01:29 UTC] PHP   3. WP_Hook->do_action() /var/www/wordpress/wp-includes/plugin.php:453
[09-Jul-2018 08:01:29 UTC] PHP   4. WP_Hook->apply_filters() /var/www/wordpress/wp-includes/class-wp-hook.php:310
[09-Jul-2018 08:01:29 UTC] PHP   5. PayPal_ExpressCheckout->page_init() /var/www/wordpress/wp-includes/class-wp-hook.php:286
[09-Jul-2018 08:01:29 UTC] PHP   6. add_settings_section() /var/www/wordpress/wp-content/plugins/paypal_exprexxcheckout/express.php:90
[09-Jul-2018 08:01:29 UTC] PHP Notice:  Undefined variable: page in /var/www/wordpress/wp-admin/includes/template.php on line 1224
[09-Jul-2018 08:01:29 UTC] PHP Stack trace:
[09-Jul-2018 08:01:29 UTC] PHP   1. {main}() /var/www/wordpress/wp-admin/admin-ajax.php:0
[09-Jul-2018 08:01:29 UTC] PHP   2. do_action() /var/www/wordpress/wp-admin/admin-ajax.php:44
[09-Jul-2018 08:01:29 UTC] PHP   3. WP_Hook->do_action() /var/www/wordpress/wp-includes/plugin.php:453
[09-Jul-2018 08:01:29 UTC] PHP   4. WP_Hook->apply_filters() /var/www/wordpress/wp-includes/class-wp-hook.php:310
[09-Jul-2018 08:01:29 UTC] PHP   5. PayPal_ExpressCheckout->page_init() /var/www/wordpress/wp-includes/class-wp-hook.php:286
[09-Jul-2018 08:01:29 UTC] PHP   6. add_settings_section() /var/www/wordpress/wp-content/plugins/paypal_exprexxcheckout/express.php:90
[09-Jul-2018 08:01:29 UTC] PHP Notice:  Undefined variable: page in /var/www/wordpress/wp-admin/includes/template.php on line 1234
[09-Jul-2018 08:01:29 UTC] PHP Stack trace:
[09-Jul-2018 08:01:29 UTC] PHP   1. {main}() /var/www/wordpress/wp-admin/admin-ajax.php:0
[09-Jul-2018 08:01:29 UTC] PHP   2. do_action() /var/www/wordpress/wp-admin/admin-ajax.php:44
[09-Jul-2018 08:01:29 UTC] PHP   3. WP_Hook->do_action() /var/www/wordpress/wp-includes/plugin.php:453
[09-Jul-2018 08:01:29 UTC] PHP   4. WP_Hook->apply_filters() /var/www/wordpress/wp-includes/class-wp-hook.php:310
[09-Jul-2018 08:01:29 UTC] PHP   5. PayPal_ExpressCheckout->page_init() /var/www/wordpress/wp-includes/class-wp-hook.php:286
[09-Jul-2018 08:01:29 UTC] PHP   6. add_settings_section() /var/www/wordpress/wp-content/plugins/paypal_exprexxcheckout/express.php:90
[09-Jul-2018 08:01:29 UTC] PHP Notice:  Undefined variable: page in /var/www/wordpress/wp-admin/includes/template.php on line 1244
[09-Jul-2018 08:01:29 UTC] PHP Stack trace:
[09-Jul-2018 08:01:29 UTC] PHP   1. {main}() /var/www/wordpress/wp-admin/admin-ajax.php:0
[09-Jul-2018 08:01:29 UTC] PHP   2. do_action() /var/www/wordpress/wp-admin/admin-ajax.php:44
[09-Jul-2018 08:01:29 UTC] PHP   3. WP_Hook->do_action() /var/www/wordpress/wp-includes/plugin.php:453
[09-Jul-2018 08:01:29 UTC] PHP   4. WP_Hook->apply_filters() /var/www/wordpress/wp-includes/class-wp-hook.php:310
[09-Jul-2018 08:01:29 UTC] PHP   5. PayPal_ExpressCheckout->page_init() /var/www/wordpress/wp-includes/class-wp-hook.php:286
[09-Jul-2018 08:01:29 UTC] PHP   6. add_settings_section() /var/www/wordpress/wp-content/plugins/paypal_exprexxcheckout/express.php:90
[09-Jul-2018 08:03:30 UTC] PHP Warning:  Missing argument 4 for add_settings_section(), called in /var/www/wordpress/wp-content/plugins/paypal_exprexxcheckout/express.php on line 90 and defined in /var/www/wordpress/wp-admin/includes/template.php on line 1221
[09-Jul-2018 08:03:30 UTC] PHP Stack trace:
[09-Jul-2018 08:03:30 UTC] PHP   1. {main}() /var/www/wordpress/wp-admin/admin-ajax.php:0
[09-Jul-2018 08:03:30 UTC] PHP   2. do_action() /var/www/wordpress/wp-admin/admin-ajax.php:44
[09-Jul-2018 08:03:30 UTC] PHP   3. WP_Hook->do_action() /var/www/wordpress/wp-includes/plugin.php:453
[09-Jul-2018 08:03:30 UTC] PHP   4. WP_Hook->apply_filters() /var/www/wordpress/wp-includes/class-wp-hook.php:310
[09-Jul-2018 08:03:30 UTC] PHP   5. PayPal_ExpressCheckout->page_init() /var/www/wordpress/wp-includes/class-wp-hook.php:286
[09-Jul-2018 08:03:30 UTC] PHP   6. add_settings_section() /var/www/wordpress/wp-content/plugins/paypal_exprexxcheckout/express.php:90
[09-Jul-2018 08:03:30 UTC] PHP Notice:  Undefined variable: page in /var/www/wordpress/wp-admin/includes/template.php on line 1224
[09-Jul-2018 08:03:30 UTC] PHP Stack trace:
[09-Jul-2018 08:03:30 UTC] PHP   1. {main}() /var/www/wordpress/wp-admin/admin-ajax.php:0
[09-Jul-2018 08:03:30 UTC] PHP   2. do_action() /var/www/wordpress/wp-admin/admin-ajax.php:44
[09-Jul-2018 08:03:30 UTC] PHP   3. WP_Hook->do_action() /var/www/wordpress/wp-includes/plugin.php:453
[09-Jul-2018 08:03:30 UTC] PHP   4. WP_Hook->apply_filters() /var/www/wordpress/wp-includes/class-wp-hook.php:310
[09-Jul-2018 08:03:30 UTC] PHP   5. PayPal_ExpressCheckout->page_init() /var/www/wordpress/wp-includes/class-wp-hook.php:286
[09-Jul-2018 08:03:30 UTC] PHP   6. add_settings_section() /var/www/wordpress/wp-content/plugins/paypal_exprexxcheckout/express.php:90
[09-Jul-2018 08:03:30 UTC] PHP Notice:  Undefined variable: page in /var/www/wordpress/wp-admin/includes/template.php on line 1234
[09-Jul-2018 08:03:30 UTC] PHP Stack trace:
[09-Jul-2018 08:03:30 UTC] PHP   1. {main}() /var/www/wordpress/wp-admin/admin-ajax.php:0
[09-Jul-2018 08:03:30 UTC] PHP   2. do_action() /var/www/wordpress/wp-admin/admin-ajax.php:44
[09-Jul-2018 08:03:30 UTC] PHP   3. WP_Hook->do_action() /var/www/wordpress/wp-includes/plugin.php:453
[09-Jul-2018 08:03:30 UTC] PHP   4. WP_Hook->apply_filters() /var/www/wordpress/wp-includes/class-wp-hook.php:310
[09-Jul-2018 08:03:30 UTC] PHP   5. PayPal_ExpressCheckout->page_init() /var/www/wordpress/wp-includes/class-wp-hook.php:286
[09-Jul-2018 08:03:30 UTC] PHP   6. add_settings_section() /var/www/wordpress/wp-content/plugins/paypal_exprexxcheckout/express.php:90
[09-Jul-2018 08:03:30 UTC] PHP Notice:  Undefined variable: page in /var/www/wordpress/wp-admin/includes/template.php on line 1244
[09-Jul-2018 08:03:30 UTC] PHP Stack trace:
[09-Jul-2018 08:03:30 UTC] PHP   1. {main}() /var/www/wordpress/wp-admin/admin-ajax.php:0
[09-Jul-2018 08:03:30 UTC] PHP   2. do_action() /var/www/wordpress/wp-admin/admin-ajax.php:44
[09-Jul-2018 08:03:30 UTC] PHP   3. WP_Hook->do_action() /var/www/wordpress/wp-includes/plugin.php:453
[09-Jul-2018 08:03:30 UTC] PHP   4. WP_Hook->apply_filters() /var/www/wordpress/wp-includes/class-wp-hook.php:310
[09-Jul-2018 08:03:30 UTC] PHP   5. PayPal_ExpressCheckout->page_init() /var/www/wordpress/wp-includes/class-wp-hook.php:286
[09-Jul-2018 08:03:30 UTC] PHP   6. add_settings_section() /var/www/wordpress/wp-content/plugins/paypal_exprexxcheckout/express.php:90
[09-Jul-2018 08:05:31 UTC] PHP Warning:  Missing argument 4 for add_settings_section(), called in /var/www/wordpress/wp-content/plugins/paypal_exprexxcheckout/express.php on line 90 and defined in /var/www/wordpress/wp-admin/includes/template.php on line 1221
[09-Jul-2018 08:05:31 UTC] PHP Stack trace:
[09-Jul-2018 08:05:31 UTC] PHP   1. {main}() /var/www/wordpress/wp-admin/admin-ajax.php:0
[09-Jul-2018 08:05:31 UTC] PHP   2. do_action() /var/www/wordpress/wp-admin/admin-ajax.php:44
[09-Jul-2018 08:05:31 UTC] PHP   3. WP_Hook->do_action() /var/www/wordpress/wp-includes/plugin.php:453
[09-Jul-2018 08:05:31 UTC] PHP   4. WP_Hook->apply_filters() /var/www/wordpress/wp-includes/class-wp-hook.php:310
[09-Jul-2018 08:05:31 UTC] PHP   5. PayPal_ExpressCheckout->page_init() /var/www/wordpress/wp-includes/class-wp-hook.php:286
[09-Jul-2018 08:05:31 UTC] PHP   6. add_settings_section() /var/www/wordpress/wp-content/plugins/paypal_exprexxcheckout/express.php:90
[09-Jul-2018 08:05:31 UTC] PHP Notice:  Undefined variable: page in /var/www/wordpress/wp-admin/includes/template.php on line 1224
[09-Jul-2018 08:05:31 UTC] PHP Stack trace:
[09-Jul-2018 08:05:31 UTC] PHP   1. {main}() /var/www/wordpress/wp-admin/admin-ajax.php:0
[09-Jul-2018 08:05:31 UTC] PHP   2. do_action() /var/www/wordpress/wp-admin/admin-ajax.php:44
[09-Jul-2018 08:05:31 UTC] PHP   3. WP_Hook->do_action() /var/www/wordpress/wp-includes/plugin.php:453
[09-Jul-2018 08:05:31 UTC] PHP   4. WP_Hook->apply_filters() /var/www/wordpress/wp-includes/class-wp-hook.php:310
[09-Jul-2018 08:05:31 UTC] PHP   5. PayPal_ExpressCheckout->page_init() /var/www/wordpress/wp-includes/class-wp-hook.php:286
[09-Jul-2018 08:05:31 UTC] PHP   6. add_settings_section() /var/www/wordpress/wp-content/plugins/paypal_exprexxcheckout/express.php:90
[09-Jul-2018 08:05:31 UTC] PHP Notice:  Undefined variable: page in /var/www/wordpress/wp-admin/includes/template.php on line 1234
[09-Jul-2018 08:05:31 UTC] PHP Stack trace:
[09-Jul-2018 08:05:31 UTC] PHP   1. {main}() /var/www/wordpress/wp-admin/admin-ajax.php:0
[09-Jul-2018 08:05:31 UTC] PHP   2. do_action() /var/www/wordpress/wp-admin/admin-ajax.php:44
[09-Jul-2018 08:05:31 UTC] PHP   3. WP_Hook->do_action() /var/www/wordpress/wp-includes/plugin.php:453
[09-Jul-2018 08:05:31 UTC] PHP   4. WP_Hook->apply_filters() /var/www/wordpress/wp-includes/class-wp-hook.php:310
[09-Jul-2018 08:05:31 UTC] PHP   5. PayPal_ExpressCheckout->page_init() /var/www/wordpress/wp-includes/class-wp-hook.php:286
[09-Jul-2018 08:05:31 UTC] PHP   6. add_settings_section() /var/www/wordpress/wp-content/plugins/paypal_exprexxcheckout/express.php:90
[09-Jul-2018 08:05:31 UTC] PHP Notice:  Undefined variable: page in /var/www/wordpress/wp-admin/includes/template.php on line 1244
[09-Jul-2018 08:05:31 UTC] PHP Stack trace:
[09-Jul-2018 08:05:31 UTC] PHP   1. {main}() /var/www/wordpress/wp-admin/admin-ajax.php:0
[09-Jul-2018 08:05:31 UTC] PHP   2. do_action() /var/www/wordpress/wp-admin/admin-ajax.php:44
[09-Jul-2018 08:05:31 UTC] PHP   3. WP_Hook->do_action() /var/www/wordpress/wp-includes/plugin.php:453
[09-Jul-2018 08:05:31 UTC] PHP   4. WP_Hook->apply_filters() /var/www/wordpress/wp-includes/class-wp-hook.php:310
[09-Jul-2018 08:05:31 UTC] PHP   5. PayPal_ExpressCheckout->page_init() /var/www/wordpress/wp-includes/class-wp-hook.php:286
[09-Jul-2018 08:05:31 UTC] PHP   6. add_settings_section() /var/www/wordpress/wp-content/plugins/paypal_exprexxcheckout/express.php:90
[09-Jul-2018 08:07:31 UTC] PHP Warning:  Missing argument 4 for add_settings_section(), called in /var/www/wordpress/wp-content/plugins/paypal_exprexxcheckout/express.php on line 90 and defined in /var/www/wordpress/wp-admin/includes/template.php on line 1221
[09-Jul-2018 08:07:31 UTC] PHP Stack trace:
[09-Jul-2018 08:07:31 UTC] PHP   1. {main}() /var/www/wordpress/wp-admin/admin-ajax.php:0
[09-Jul-2018 08:07:31 UTC] PHP   2. do_action() /var/www/wordpress/wp-admin/admin-ajax.php:44
[09-Jul-2018 08:07:31 UTC] PHP   3. WP_Hook->do_action() /var/www/wordpress/wp-includes/plugin.php:453
[09-Jul-2018 08:07:31 UTC] PHP   4. WP_Hook->apply_filters() /var/www/wordpress/wp-includes/class-wp-hook.php:310
[09-Jul-2018 08:07:31 UTC] PHP   5. PayPal_ExpressCheckout->page_init() /var/www/wordpress/wp-includes/class-wp-hook.php:286
[09-Jul-2018 08:07:31 UTC] PHP   6. add_settings_section() /var/www/wordpress/wp-content/plugins/paypal_exprexxcheckout/express.php:90
[09-Jul-2018 08:07:31 UTC] PHP Notice:  Undefined variable: page in /var/www/wordpress/wp-admin/includes/template.php on line 1224
[09-Jul-2018 08:07:31 UTC] PHP Stack trace:
[09-Jul-2018 08:07:31 UTC] PHP   1. {main}() /var/www/wordpress/wp-admin/admin-ajax.php:0
[09-Jul-2018 08:07:31 UTC] PHP   2. do_action() /var/www/wordpress/wp-admin/admin-ajax.php:44
[09-Jul-2018 08:07:31 UTC] PHP   3. WP_Hook->do_action() /var/www/wordpress/wp-includes/plugin.php:453
[09-Jul-2018 08:07:31 UTC] PHP   4. WP_Hook->apply_filters() /var/www/wordpress/wp-includes/class-wp-hook.php:310
[09-Jul-2018 08:07:31 UTC] PHP   5. PayPal_ExpressCheckout->page_init() /var/www/wordpress/wp-includes/class-wp-hook.php:286
[09-Jul-2018 08:07:31 UTC] PHP   6. add_settings_section() /var/www/wordpress/wp-content/plugins/paypal_exprexxcheckout/express.php:90
[09-Jul-2018 08:07:31 UTC] PHP Notice:  Undefined variable: page in /var/www/wordpress/wp-admin/includes/template.php on line 1234
[09-Jul-2018 08:07:31 UTC] PHP Stack trace:
[09-Jul-2018 08:07:31 UTC] PHP   1. {main}() /var/www/wordpress/wp-admin/admin-ajax.php:0
[09-Jul-2018 08:07:31 UTC] PHP   2. do_action() /var/www/wordpress/wp-admin/admin-ajax.php:44
[09-Jul-2018 08:07:31 UTC] PHP   3. WP_Hook->do_action() /var/www/wordpress/wp-includes/plugin.php:453
[09-Jul-2018 08:07:31 UTC] PHP   4. WP_Hook->apply_filters() /var/www/wordpress/wp-includes/class-wp-hook.php:310
[09-Jul-2018 08:07:31 UTC] PHP   5. PayPal_ExpressCheckout->page_init() /var/www/wordpress/wp-includes/class-wp-hook.php:286
[09-Jul-2018 08:07:31 UTC] PHP   6. add_settings_section() /var/www/wordpress/wp-content/plugins/paypal_exprexxcheckout/express.php:90
[09-Jul-2018 08:07:31 UTC] PHP Notice:  Undefined variable: page in /var/www/wordpress/wp-admin/includes/template.php on line 1244
[09-Jul-2018 08:07:31 UTC] PHP Stack trace:
[09-Jul-2018 08:07:31 UTC] PHP   1. {main}() /var/www/wordpress/wp-admin/admin-ajax.php:0
[09-Jul-2018 08:07:31 UTC] PHP   2. do_action() /var/www/wordpress/wp-admin/admin-ajax.php:44
[09-Jul-2018 08:07:31 UTC] PHP   3. WP_Hook->do_action() /var/www/wordpress/wp-includes/plugin.php:453
[09-Jul-2018 08:07:31 UTC] PHP   4. WP_Hook->apply_filters() /var/www/wordpress/wp-includes/class-wp-hook.php:310
[09-Jul-2018 08:07:31 UTC] PHP   5. PayPal_ExpressCheckout->page_init() /var/www/wordpress/wp-includes/class-wp-hook.php:286
[09-Jul-2018 08:07:31 UTC] PHP   6. add_settings_section() /var/www/wordpress/wp-content/plugins/paypal_exprexxcheckout/express.php:90
[09-Jul-2018 09:29:40 UTC] PHP Warning:  Missing argument 4 for add_settings_section(), called in /var/www/wordpress/wp-content/plugins/paypal_exprexxcheckout/express.php on line 90 and defined in /var/www/wordpress/wp-admin/includes/template.php on line 1221
[09-Jul-2018 09:29:40 UTC] PHP Stack trace:
[09-Jul-2018 09:29:40 UTC] PHP   1. {main}() /var/www/wordpress/wp-admin/admin-ajax.php:0
[09-Jul-2018 09:29:40 UTC] PHP   2. do_action() /var/www/wordpress/wp-admin/admin-ajax.php:44
[09-Jul-2018 09:29:40 UTC] PHP   3. WP_Hook->do_action() /var/www/wordpress/wp-includes/plugin.php:453
[09-Jul-2018 09:29:40 UTC] PHP   4. WP_Hook->apply_filters() /var/www/wordpress/wp-includes/class-wp-hook.php:310
[09-Jul-2018 09:29:40 UTC] PHP   5. PayPal_ExpressCheckout->page_init() /var/www/wordpress/wp-includes/class-wp-hook.php:286
[09-Jul-2018 09:29:40 UTC] PHP   6. add_settings_section() /var/www/wordpress/wp-content/plugins/paypal_exprexxcheckout/express.php:90
[09-Jul-2018 09:29:40 UTC] PHP Notice:  Undefined variable: page in /var/www/wordpress/wp-admin/includes/template.php on line 1224
[09-Jul-2018 09:29:40 UTC] PHP Stack trace:
[09-Jul-2018 09:29:40 UTC] PHP   1. {main}() /var/www/wordpress/wp-admin/admin-ajax.php:0
[09-Jul-2018 09:29:40 UTC] PHP   2. do_action() /var/www/wordpress/wp-admin/admin-ajax.php:44
[09-Jul-2018 09:29:40 UTC] PHP   3. WP_Hook->do_action() /var/www/wordpress/wp-includes/plugin.php:453
[09-Jul-2018 09:29:40 UTC] PHP   4. WP_Hook->apply_filters() /var/www/wordpress/wp-includes/class-wp-hook.php:310
[09-Jul-2018 09:29:40 UTC] PHP   5. PayPal_ExpressCheckout->page_init() /var/www/wordpress/wp-includes/class-wp-hook.php:286
[09-Jul-2018 09:29:40 UTC] PHP   6. add_settings_section() /var/www/wordpress/wp-content/plugins/paypal_exprexxcheckout/express.php:90
[09-Jul-2018 09:29:40 UTC] PHP Notice:  Undefined variable: page in /var/www/wordpress/wp-admin/includes/template.php on line 1234
[09-Jul-2018 09:29:40 UTC] PHP Stack trace:
[09-Jul-2018 09:29:40 UTC] PHP   1. {main}() /var/www/wordpress/wp-admin/admin-ajax.php:0
[09-Jul-2018 09:29:40 UTC] PHP   2. do_action() /var/www/wordpress/wp-admin/admin-ajax.php:44
[09-Jul-2018 09:29:40 UTC] PHP   3. WP_Hook->do_action() /var/www/wordpress/wp-includes/plugin.php:453
[09-Jul-2018 09:29:40 UTC] PHP   4. WP_Hook->apply_filters() /var/www/wordpress/wp-includes/class-wp-hook.php:310
[09-Jul-2018 09:29:40 UTC] PHP   5. PayPal_ExpressCheckout->page_init() /var/www/wordpress/wp-includes/class-wp-hook.php:286
[09-Jul-2018 09:29:40 UTC] PHP   6. add_settings_section() /var/www/wordpress/wp-content/plugins/paypal_exprexxcheckout/express.php:90
[09-Jul-2018 09:29:40 UTC] PHP Notice:  Undefined variable: page in /var/www/wordpress/wp-admin/includes/template.php on line 1244
[09-Jul-2018 09:29:40 UTC] PHP Stack trace:
[09-Jul-2018 09:29:40 UTC] PHP   1. {main}() /var/www/wordpress/wp-admin/admin-ajax.php:0
[09-Jul-2018 09:29:40 UTC] PHP   2. do_action() /var/www/wordpress/wp-admin/admin-ajax.php:44
[09-Jul-2018 09:29:40 UTC] PHP   3. WP_Hook->do_action() /var/www/wordpress/wp-includes/plugin.php:453
[09-Jul-2018 09:29:40 UTC] PHP   4. WP_Hook->apply_filters() /var/www/wordpress/wp-includes/class-wp-hook.php:310
[09-Jul-2018 09:29:40 UTC] PHP   5. PayPal_ExpressCheckout->page_init() /var/www/wordpress/wp-includes/class-wp-hook.php:286
[09-Jul-2018 09:29:40 UTC] PHP   6. add_settings_section() /var/www/wordpress/wp-content/plugins/paypal_exprexxcheckout/express.php:90
[09-Jul-2018 09:29:40 UTC] PHP Warning:  Missing argument 4 for add_settings_section(), called in /var/www/wordpress/wp-content/plugins/paypal_exprexxcheckout/express.php on line 90 and defined in /var/www/wordpress/wp-admin/includes/template.php on line 1221
[09-Jul-2018 09:29:40 UTC] PHP Stack trace:
[09-Jul-2018 09:29:40 UTC] PHP   1. {main}() /var/www/wordpress/wp-admin/plugins.php:0
[09-Jul-2018 09:29:40 UTC] PHP   2. require_once() /var/www/wordpress/wp-admin/plugins.php:10
[09-Jul-2018 09:29:40 UTC] PHP   3. do_action() /var/www/wordpress/wp-admin/admin.php:156
[09-Jul-2018 09:29:40 UTC] PHP   4. WP_Hook->do_action() /var/www/wordpress/wp-includes/plugin.php:453
[09-Jul-2018 09:29:40 UTC] PHP   5. WP_Hook->apply_filters() /var/www/wordpress/wp-includes/class-wp-hook.php:310
[09-Jul-2018 09:29:40 UTC] PHP   6. PayPal_ExpressCheckout->page_init() /var/www/wordpress/wp-includes/class-wp-hook.php:286
[09-Jul-2018 09:29:40 UTC] PHP   7. add_settings_section() /var/www/wordpress/wp-content/plugins/paypal_exprexxcheckout/express.php:90
[09-Jul-2018 09:29:40 UTC] PHP Notice:  Undefined variable: page in /var/www/wordpress/wp-admin/includes/template.php on line 1224
[09-Jul-2018 09:29:40 UTC] PHP Stack trace:
[09-Jul-2018 09:29:40 UTC] PHP   1. {main}() /var/www/wordpress/wp-admin/plugins.php:0
[09-Jul-2018 09:29:40 UTC] PHP   2. require_once() /var/www/wordpress/wp-admin/plugins.php:10
[09-Jul-2018 09:29:40 UTC] PHP   3. do_action() /var/www/wordpress/wp-admin/admin.php:156
[09-Jul-2018 09:29:40 UTC] PHP   4. WP_Hook->do_action() /var/www/wordpress/wp-includes/plugin.php:453
[09-Jul-2018 09:29:40 UTC] PHP   5. WP_Hook->apply_filters() /var/www/wordpress/wp-includes/class-wp-hook.php:310
[09-Jul-2018 09:29:40 UTC] PHP   6. PayPal_ExpressCheckout->page_init() /var/www/wordpress/wp-includes/class-wp-hook.php:286
[09-Jul-2018 09:29:40 UTC] PHP   7. add_settings_section() /var/www/wordpress/wp-content/plugins/paypal_exprexxcheckout/express.php:90
[09-Jul-2018 09:29:40 UTC] PHP Notice:  Undefined variable: page in /var/www/wordpress/wp-admin/includes/template.php on line 1234
[09-Jul-2018 09:29:40 UTC] PHP Stack trace:
[09-Jul-2018 09:29:40 UTC] PHP   1. {main}() /var/www/wordpress/wp-admin/plugins.php:0
[09-Jul-2018 09:29:40 UTC] PHP   2. require_once() /var/www/wordpress/wp-admin/plugins.php:10
[09-Jul-2018 09:29:40 UTC] PHP   3. do_action() /var/www/wordpress/wp-admin/admin.php:156
[09-Jul-2018 09:29:40 UTC] PHP   4. WP_Hook->do_action() /var/www/wordpress/wp-includes/plugin.php:453
[09-Jul-2018 09:29:40 UTC] PHP   5. WP_Hook->apply_filters() /var/www/wordpress/wp-includes/class-wp-hook.php:310
[09-Jul-2018 09:29:40 UTC] PHP   6. PayPal_ExpressCheckout->page_init() /var/www/wordpress/wp-includes/class-wp-hook.php:286
[09-Jul-2018 09:29:40 UTC] PHP   7. add_settings_section() /var/www/wordpress/wp-content/plugins/paypal_exprexxcheckout/express.php:90
[09-Jul-2018 09:29:40 UTC] PHP Notice:  Undefined variable: page in /var/www/wordpress/wp-admin/includes/template.php on line 1244
[09-Jul-2018 09:29:40 UTC] PHP Stack trace:
[09-Jul-2018 09:29:40 UTC] PHP   1. {main}() /var/www/wordpress/wp-admin/plugins.php:0
[09-Jul-2018 09:29:40 UTC] PHP   2. require_once() /var/www/wordpress/wp-admin/plugins.php:10
[09-Jul-2018 09:29:40 UTC] PHP   3. do_action() /var/www/wordpress/wp-admin/admin.php:156
[09-Jul-2018 09:29:40 UTC] PHP   4. WP_Hook->do_action() /var/www/wordpress/wp-includes/plugin.php:453
[09-Jul-2018 09:29:40 UTC] PHP   5. WP_Hook->apply_filters() /var/www/wordpress/wp-includes/class-wp-hook.php:310
[09-Jul-2018 09:29:40 UTC] PHP   6. PayPal_ExpressCheckout->page_init() /var/www/wordpress/wp-includes/class-wp-hook.php:286
[09-Jul-2018 09:29:40 UTC] PHP   7. add_settings_section() /var/www/wordpress/wp-content/plugins/paypal_exprexxcheckout/express.php:90
[09-Jul-2018 09:29:40 UTC] PHP Warning:  Cannot modify header information - headers already sent by (output started at /var/www/wordpress/wp-admin/includes/template.php:1224) in /var/www/wordpress/wp-admin/includes/misc.php on line 1124
[09-Jul-2018 09:29:40 UTC] PHP Stack trace:
[09-Jul-2018 09:29:40 UTC] PHP   1. {main}() /var/www/wordpress/wp-admin/plugins.php:0
[09-Jul-2018 09:29:40 UTC] PHP   2. require_once() /var/www/wordpress/wp-admin/plugins.php:10
[09-Jul-2018 09:29:40 UTC] PHP   3. do_action() /var/www/wordpress/wp-admin/admin.php:156
[09-Jul-2018 09:29:40 UTC] PHP   4. WP_Hook->do_action() /var/www/wordpress/wp-includes/plugin.php:453
[09-Jul-2018 09:29:40 UTC] PHP   5. WP_Hook->apply_filters() /var/www/wordpress/wp-includes/class-wp-hook.php:310
[09-Jul-2018 09:29:40 UTC] PHP   6. wp_admin_headers() /var/www/wordpress/wp-includes/class-wp-hook.php:286
[09-Jul-2018 09:29:40 UTC] PHP   7. header() /var/www/wordpress/wp-admin/includes/misc.php:1124
[09-Jul-2018 09:30:43 UTC] PHP Warning:  Missing argument 4 for add_settings_section(), called in /var/www/wordpress/wp-content/plugins/paypal_exprexxcheckout/express.php on line 90 and defined in /var/www/wordpress/wp-admin/includes/template.php on line 1221
[09-Jul-2018 09:30:43 UTC] PHP Stack trace:
[09-Jul-2018 09:30:43 UTC] PHP   1. {main}() /var/www/wordpress/wp-admin/admin-ajax.php:0
[09-Jul-2018 09:30:43 UTC] PHP   2. do_action() /var/www/wordpress/wp-admin/admin-ajax.php:44
[09-Jul-2018 09:30:43 UTC] PHP   3. WP_Hook->do_action() /var/www/wordpress/wp-includes/plugin.php:453
[09-Jul-2018 09:30:43 UTC] PHP   4. WP_Hook->apply_filters() /var/www/wordpress/wp-includes/class-wp-hook.php:310
[09-Jul-2018 09:30:43 UTC] PHP   5. PayPal_ExpressCheckout->page_init() /var/www/wordpress/wp-includes/class-wp-hook.php:286
[09-Jul-2018 09:30:43 UTC] PHP   6. add_settings_section() /var/www/wordpress/wp-content/plugins/paypal_exprexxcheckout/express.php:90
[09-Jul-2018 09:30:43 UTC] PHP Notice:  Undefined variable: page in /var/www/wordpress/wp-admin/includes/template.php on line 1224
[09-Jul-2018 09:30:43 UTC] PHP Stack trace:
[09-Jul-2018 09:30:43 UTC] PHP   1. {main}() /var/www/wordpress/wp-admin/admin-ajax.php:0
[09-Jul-2018 09:30:43 UTC] PHP   2. do_action() /var/www/wordpress/wp-admin/admin-ajax.php:44
[09-Jul-2018 09:30:43 UTC] PHP   3. WP_Hook->do_action() /var/www/wordpress/wp-includes/plugin.php:453
[09-Jul-2018 09:30:43 UTC] PHP   4. WP_Hook->apply_filters() /var/www/wordpress/wp-includes/class-wp-hook.php:310
[09-Jul-2018 09:30:43 UTC] PHP   5. PayPal_ExpressCheckout->page_init() /var/www/wordpress/wp-includes/class-wp-hook.php:286
[09-Jul-2018 09:30:43 UTC] PHP   6. add_settings_section() /var/www/wordpress/wp-content/plugins/paypal_exprexxcheckout/express.php:90
[09-Jul-2018 09:30:43 UTC] PHP Notice:  Undefined variable: page in /var/www/wordpress/wp-admin/includes/template.php on line 1234
[09-Jul-2018 09:30:43 UTC] PHP Stack trace:
[09-Jul-2018 09:30:43 UTC] PHP   1. {main}() /var/www/wordpress/wp-admin/admin-ajax.php:0
[09-Jul-2018 09:30:43 UTC] PHP   2. do_action() /var/www/wordpress/wp-admin/admin-ajax.php:44
[09-Jul-2018 09:30:43 UTC] PHP   3. WP_Hook->do_action() /var/www/wordpress/wp-includes/plugin.php:453
[09-Jul-2018 09:30:43 UTC] PHP   4. WP_Hook->apply_filters() /var/www/wordpress/wp-includes/class-wp-hook.php:310
[09-Jul-2018 09:30:43 UTC] PHP   5. PayPal_ExpressCheckout->page_init() /var/www/wordpress/wp-includes/class-wp-hook.php:286
[09-Jul-2018 09:30:43 UTC] PHP   6. add_settings_section() /var/www/wordpress/wp-content/plugins/paypal_exprexxcheckout/express.php:90
[09-Jul-2018 09:30:43 UTC] PHP Notice:  Undefined variable: page in /var/www/wordpress/wp-admin/includes/template.php on line 1244
[09-Jul-2018 09:30:43 UTC] PHP Stack trace:
[09-Jul-2018 09:30:43 UTC] PHP   1. {main}() /var/www/wordpress/wp-admin/admin-ajax.php:0
[09-Jul-2018 09:30:43 UTC] PHP   2. do_action() /var/www/wordpress/wp-admin/admin-ajax.php:44
[09-Jul-2018 09:30:43 UTC] PHP   3. WP_Hook->do_action() /var/www/wordpress/wp-includes/plugin.php:453
[09-Jul-2018 09:30:43 UTC] PHP   4. WP_Hook->apply_filters() /var/www/wordpress/wp-includes/class-wp-hook.php:310
[09-Jul-2018 09:30:43 UTC] PHP   5. PayPal_ExpressCheckout->page_init() /var/www/wordpress/wp-includes/class-wp-hook.php:286
[09-Jul-2018 09:30:43 UTC] PHP   6. add_settings_section() /var/www/wordpress/wp-content/plugins/paypal_exprexxcheckout/express.php:90
[09-Jul-2018 09:31:12 UTC] PHP Warning:  Missing argument 4 for add_settings_section(), called in /var/www/wordpress/wp-content/plugins/paypal_exprexxcheckout/express.php on line 90 and defined in /var/www/wordpress/wp-admin/includes/template.php on line 1221
[09-Jul-2018 09:31:12 UTC] PHP Stack trace:
[09-Jul-2018 09:31:12 UTC] PHP   1. {main}() /var/www/wordpress/wp-admin/plugins.php:0
[09-Jul-2018 09:31:12 UTC] PHP   2. require_once() /var/www/wordpress/wp-admin/plugins.php:10
[09-Jul-2018 09:31:12 UTC] PHP   3. do_action() /var/www/wordpress/wp-admin/admin.php:156
[09-Jul-2018 09:31:12 UTC] PHP   4. WP_Hook->do_action() /var/www/wordpress/wp-includes/plugin.php:453
[09-Jul-2018 09:31:12 UTC] PHP   5. WP_Hook->apply_filters() /var/www/wordpress/wp-includes/class-wp-hook.php:310
[09-Jul-2018 09:31:12 UTC] PHP   6. PayPal_ExpressCheckout->page_init() /var/www/wordpress/wp-includes/class-wp-hook.php:286
[09-Jul-2018 09:31:12 UTC] PHP   7. add_settings_section() /var/www/wordpress/wp-content/plugins/paypal_exprexxcheckout/express.php:90
[09-Jul-2018 09:31:12 UTC] PHP Notice:  Undefined variable: page in /var/www/wordpress/wp-admin/includes/template.php on line 1224
[09-Jul-2018 09:31:12 UTC] PHP Stack trace:
[09-Jul-2018 09:31:12 UTC] PHP   1. {main}() /var/www/wordpress/wp-admin/plugins.php:0
[09-Jul-2018 09:31:12 UTC] PHP   2. require_once() /var/www/wordpress/wp-admin/plugins.php:10
[09-Jul-2018 09:31:12 UTC] PHP   3. do_action() /var/www/wordpress/wp-admin/admin.php:156
[09-Jul-2018 09:31:12 UTC] PHP   4. WP_Hook->do_action() /var/www/wordpress/wp-includes/plugin.php:453
[09-Jul-2018 09:31:12 UTC] PHP   5. WP_Hook->apply_filters() /var/www/wordpress/wp-includes/class-wp-hook.php:310
[09-Jul-2018 09:31:12 UTC] PHP   6. PayPal_ExpressCheckout->page_init() /var/www/wordpress/wp-includes/class-wp-hook.php:286
[09-Jul-2018 09:31:12 UTC] PHP   7. add_settings_section() /var/www/wordpress/wp-content/plugins/paypal_exprexxcheckout/express.php:90
[09-Jul-2018 09:31:12 UTC] PHP Notice:  Undefined variable: page in /var/www/wordpress/wp-admin/includes/template.php on line 1234
[09-Jul-2018 09:31:12 UTC] PHP Stack trace:
[09-Jul-2018 09:31:12 UTC] PHP   1. {main}() /var/www/wordpress/wp-admin/plugins.php:0
[09-Jul-2018 09:31:12 UTC] PHP   2. require_once() /var/www/wordpress/wp-admin/plugins.php:10
[09-Jul-2018 09:31:12 UTC] PHP   3. do_action() /var/www/wordpress/wp-admin/admin.php:156
[09-Jul-2018 09:31:12 UTC] PHP   4. WP_Hook->do_action() /var/www/wordpress/wp-includes/plugin.php:453
[09-Jul-2018 09:31:12 UTC] PHP   5. WP_Hook->apply_filters() /var/www/wordpress/wp-includes/class-wp-hook.php:310
[09-Jul-2018 09:31:12 UTC] PHP   6. PayPal_ExpressCheckout->page_init() /var/www/wordpress/wp-includes/class-wp-hook.php:286
[09-Jul-2018 09:31:12 UTC] PHP   7. add_settings_section() /var/www/wordpress/wp-content/plugins/paypal_exprexxcheckout/express.php:90
[09-Jul-2018 09:31:12 UTC] PHP Notice:  Undefined variable: page in /var/www/wordpress/wp-admin/includes/template.php on line 1244
[09-Jul-2018 09:31:12 UTC] PHP Stack trace:
[09-Jul-2018 09:31:12 UTC] PHP   1. {main}() /var/www/wordpress/wp-admin/plugins.php:0
[09-Jul-2018 09:31:12 UTC] PHP   2. require_once() /var/www/wordpress/wp-admin/plugins.php:10
[09-Jul-2018 09:31:12 UTC] PHP   3. do_action() /var/www/wordpress/wp-admin/admin.php:156
[09-Jul-2018 09:31:12 UTC] PHP   4. WP_Hook->do_action() /var/www/wordpress/wp-includes/plugin.php:453
[09-Jul-2018 09:31:12 UTC] PHP   5. WP_Hook->apply_filters() /var/www/wordpress/wp-includes/class-wp-hook.php:310
[09-Jul-2018 09:31:12 UTC] PHP   6. PayPal_ExpressCheckout->page_init() /var/www/wordpress/wp-includes/class-wp-hook.php:286
[09-Jul-2018 09:31:12 UTC] PHP   7. add_settings_section() /var/www/wordpress/wp-content/plugins/paypal_exprexxcheckout/express.php:90
[09-Jul-2018 09:31:12 UTC] PHP Warning:  Cannot modify header information - headers already sent by (output started at /var/www/wordpress/wp-admin/includes/template.php:1224) in /var/www/wordpress/wp-admin/includes/misc.php on line 1124
[09-Jul-2018 09:31:12 UTC] PHP Stack trace:
[09-Jul-2018 09:31:12 UTC] PHP   1. {main}() /var/www/wordpress/wp-admin/plugins.php:0
[09-Jul-2018 09:31:12 UTC] PHP   2. require_once() /var/www/wordpress/wp-admin/plugins.php:10
[09-Jul-2018 09:31:12 UTC] PHP   3. do_action() /var/www/wordpress/wp-admin/admin.php:156
[09-Jul-2018 09:31:12 UTC] PHP   4. WP_Hook->do_action() /var/www/wordpress/wp-includes/plugin.php:453
[09-Jul-2018 09:31:12 UTC] PHP   5. WP_Hook->apply_filters() /var/www/wordpress/wp-includes/class-wp-hook.php:310
[09-Jul-2018 09:31:12 UTC] PHP   6. wp_admin_headers() /var/www/wordpress/wp-includes/class-wp-hook.php:286
[09-Jul-2018 09:31:12 UTC] PHP   7. header() /var/www/wordpress/wp-admin/includes/misc.php:1124
[09-Jul-2018 09:32:16 UTC] PHP Warning:  Missing argument 4 for add_settings_section(), called in /var/www/wordpress/wp-content/plugins/paypal_exprexxcheckout/express.php on line 90 and defined in /var/www/wordpress/wp-admin/includes/template.php on line 1221
[09-Jul-2018 09:32:16 UTC] PHP Stack trace:
[09-Jul-2018 09:32:16 UTC] PHP   1. {main}() /var/www/wordpress/wp-admin/admin-ajax.php:0
[09-Jul-2018 09:32:16 UTC] PHP   2. do_action() /var/www/wordpress/wp-admin/admin-ajax.php:44
[09-Jul-2018 09:32:16 UTC] PHP   3. WP_Hook->do_action() /var/www/wordpress/wp-includes/plugin.php:453
[09-Jul-2018 09:32:16 UTC] PHP   4. WP_Hook->apply_filters() /var/www/wordpress/wp-includes/class-wp-hook.php:310
[09-Jul-2018 09:32:16 UTC] PHP   5. PayPal_ExpressCheckout->page_init() /var/www/wordpress/wp-includes/class-wp-hook.php:286
[09-Jul-2018 09:32:16 UTC] PHP   6. add_settings_section() /var/www/wordpress/wp-content/plugins/paypal_exprexxcheckout/express.php:90
[09-Jul-2018 09:32:16 UTC] PHP Notice:  Undefined variable: page in /var/www/wordpress/wp-admin/includes/template.php on line 1224
[09-Jul-2018 09:32:16 UTC] PHP Stack trace:
[09-Jul-2018 09:32:16 UTC] PHP   1. {main}() /var/www/wordpress/wp-admin/admin-ajax.php:0
[09-Jul-2018 09:32:16 UTC] PHP   2. do_action() /var/www/wordpress/wp-admin/admin-ajax.php:44
[09-Jul-2018 09:32:16 UTC] PHP   3. WP_Hook->do_action() /var/www/wordpress/wp-includes/plugin.php:453
[09-Jul-2018 09:32:16 UTC] PHP   4. WP_Hook->apply_filters() /var/www/wordpress/wp-includes/class-wp-hook.php:310
[09-Jul-2018 09:32:16 UTC] PHP   5. PayPal_ExpressCheckout->page_init() /var/www/wordpress/wp-includes/class-wp-hook.php:286
[09-Jul-2018 09:32:16 UTC] PHP   6. add_settings_section() /var/www/wordpress/wp-content/plugins/paypal_exprexxcheckout/express.php:90
[09-Jul-2018 09:32:16 UTC] PHP Notice:  Undefined variable: page in /var/www/wordpress/wp-admin/includes/template.php on line 1234
[09-Jul-2018 09:32:16 UTC] PHP Stack trace:
[09-Jul-2018 09:32:16 UTC] PHP   1. {main}() /var/www/wordpress/wp-admin/admin-ajax.php:0
[09-Jul-2018 09:32:16 UTC] PHP   2. do_action() /var/www/wordpress/wp-admin/admin-ajax.php:44
[09-Jul-2018 09:32:16 UTC] PHP   3. WP_Hook->do_action() /var/www/wordpress/wp-includes/plugin.php:453
[09-Jul-2018 09:32:16 UTC] PHP   4. WP_Hook->apply_filters() /var/www/wordpress/wp-includes/class-wp-hook.php:310
[09-Jul-2018 09:32:16 UTC] PHP   5. PayPal_ExpressCheckout->page_init() /var/www/wordpress/wp-includes/class-wp-hook.php:286
[09-Jul-2018 09:32:16 UTC] PHP   6. add_settings_section() /var/www/wordpress/wp-content/plugins/paypal_exprexxcheckout/express.php:90
[09-Jul-2018 09:32:16 UTC] PHP Notice:  Undefined variable: page in /var/www/wordpress/wp-admin/includes/template.php on line 1244
[09-Jul-2018 09:32:16 UTC] PHP Stack trace:
[09-Jul-2018 09:32:16 UTC] PHP   1. {main}() /var/www/wordpress/wp-admin/admin-ajax.php:0
[09-Jul-2018 09:32:16 UTC] PHP   2. do_action() /var/www/wordpress/wp-admin/admin-ajax.php:44
[09-Jul-2018 09:32:16 UTC] PHP   3. WP_Hook->do_action() /var/www/wordpress/wp-includes/plugin.php:453
[09-Jul-2018 09:32:16 UTC] PHP   4. WP_Hook->apply_filters() /var/www/wordpress/wp-includes/class-wp-hook.php:310
[09-Jul-2018 09:32:16 UTC] PHP   5. PayPal_ExpressCheckout->page_init() /var/www/wordpress/wp-includes/class-wp-hook.php:286
[09-Jul-2018 09:32:16 UTC] PHP   6. add_settings_section() /var/www/wordpress/wp-content/plugins/paypal_exprexxcheckout/express.php:90
[09-Jul-2018 09:33:12 UTC] PHP Warning:  Missing argument 4 for add_settings_section(), called in /var/www/wordpress/wp-content/plugins/paypal_exprexxcheckout/express.php on line 90 and defined in /var/www/wordpress/wp-admin/includes/template.php on line 1221
[09-Jul-2018 09:33:12 UTC] PHP Stack trace:
[09-Jul-2018 09:33:12 UTC] PHP   1. {main}() /var/www/wordpress/wp-admin/plugins.php:0
[09-Jul-2018 09:33:12 UTC] PHP   2. require_once() /var/www/wordpress/wp-admin/plugins.php:10
[09-Jul-2018 09:33:12 UTC] PHP   3. do_action() /var/www/wordpress/wp-admin/admin.php:156
[09-Jul-2018 09:33:12 UTC] PHP   4. WP_Hook->do_action() /var/www/wordpress/wp-includes/plugin.php:453
[09-Jul-2018 09:33:12 UTC] PHP   5. WP_Hook->apply_filters() /var/www/wordpress/wp-includes/class-wp-hook.php:310
[09-Jul-2018 09:33:12 UTC] PHP   6. PayPal_ExpressCheckout->page_init() /var/www/wordpress/wp-includes/class-wp-hook.php:286
[09-Jul-2018 09:33:12 UTC] PHP   7. add_settings_section() /var/www/wordpress/wp-content/plugins/paypal_exprexxcheckout/express.php:90
[09-Jul-2018 09:33:12 UTC] PHP Notice:  Undefined variable: page in /var/www/wordpress/wp-admin/includes/template.php on line 1224
[09-Jul-2018 09:33:12 UTC] PHP Stack trace:
[09-Jul-2018 09:33:12 UTC] PHP   1. {main}() /var/www/wordpress/wp-admin/plugins.php:0
[09-Jul-2018 09:33:12 UTC] PHP   2. require_once() /var/www/wordpress/wp-admin/plugins.php:10
[09-Jul-2018 09:33:12 UTC] PHP   3. do_action() /var/www/wordpress/wp-admin/admin.php:156
[09-Jul-2018 09:33:12 UTC] PHP   4. WP_Hook->do_action() /var/www/wordpress/wp-includes/plugin.php:453
[09-Jul-2018 09:33:12 UTC] PHP   5. WP_Hook->apply_filters() /var/www/wordpress/wp-includes/class-wp-hook.php:310
[09-Jul-2018 09:33:12 UTC] PHP   6. PayPal_ExpressCheckout->page_init() /var/www/wordpress/wp-includes/class-wp-hook.php:286
[09-Jul-2018 09:33:12 UTC] PHP   7. add_settings_section() /var/www/wordpress/wp-content/plugins/paypal_exprexxcheckout/express.php:90
[09-Jul-2018 09:33:12 UTC] PHP Notice:  Undefined variable: page in /var/www/wordpress/wp-admin/includes/template.php on line 1234
[09-Jul-2018 09:33:12 UTC] PHP Stack trace:
[09-Jul-2018 09:33:12 UTC] PHP   1. {main}() /var/www/wordpress/wp-admin/plugins.php:0
[09-Jul-2018 09:33:12 UTC] PHP   2. require_once() /var/www/wordpress/wp-admin/plugins.php:10
[09-Jul-2018 09:33:12 UTC] PHP   3. do_action() /var/www/wordpress/wp-admin/admin.php:156
[09-Jul-2018 09:33:12 UTC] PHP   4. WP_Hook->do_action() /var/www/wordpress/wp-includes/plugin.php:453
[09-Jul-2018 09:33:12 UTC] PHP   5. WP_Hook->apply_filters() /var/www/wordpress/wp-includes/class-wp-hook.php:310
[09-Jul-2018 09:33:12 UTC] PHP   6. PayPal_ExpressCheckout->page_init() /var/www/wordpress/wp-includes/class-wp-hook.php:286
[09-Jul-2018 09:33:12 UTC] PHP   7. add_settings_section() /var/www/wordpress/wp-content/plugins/paypal_exprexxcheckout/express.php:90
[09-Jul-2018 09:33:12 UTC] PHP Notice:  Undefined variable: page in /var/www/wordpress/wp-admin/includes/template.php on line 1244
[09-Jul-2018 09:33:12 UTC] PHP Stack trace:
[09-Jul-2018 09:33:12 UTC] PHP   1. {main}() /var/www/wordpress/wp-admin/plugins.php:0
[09-Jul-2018 09:33:12 UTC] PHP   2. require_once() /var/www/wordpress/wp-admin/plugins.php:10
[09-Jul-2018 09:33:12 UTC] PHP   3. do_action() /var/www/wordpress/wp-admin/admin.php:156
[09-Jul-2018 09:33:12 UTC] PHP   4. WP_Hook->do_action() /var/www/wordpress/wp-includes/plugin.php:453
[09-Jul-2018 09:33:12 UTC] PHP   5. WP_Hook->apply_filters() /var/www/wordpress/wp-includes/class-wp-hook.php:310
[09-Jul-2018 09:33:12 UTC] PHP   6. PayPal_ExpressCheckout->page_init() /var/www/wordpress/wp-includes/class-wp-hook.php:286
[09-Jul-2018 09:33:12 UTC] PHP   7. add_settings_section() /var/www/wordpress/wp-content/plugins/paypal_exprexxcheckout/express.php:90
[09-Jul-2018 09:33:12 UTC] PHP Warning:  Cannot modify header information - headers already sent by (output started at /var/www/wordpress/wp-admin/includes/template.php:1224) in /var/www/wordpress/wp-admin/includes/misc.php on line 1124
[09-Jul-2018 09:33:12 UTC] PHP Stack trace:
[09-Jul-2018 09:33:12 UTC] PHP   1. {main}() /var/www/wordpress/wp-admin/plugins.php:0
[09-Jul-2018 09:33:12 UTC] PHP   2. require_once() /var/www/wordpress/wp-admin/plugins.php:10
[09-Jul-2018 09:33:12 UTC] PHP   3. do_action() /var/www/wordpress/wp-admin/admin.php:156
[09-Jul-2018 09:33:12 UTC] PHP   4. WP_Hook->do_action() /var/www/wordpress/wp-includes/plugin.php:453
[09-Jul-2018 09:33:12 UTC] PHP   5. WP_Hook->apply_filters() /var/www/wordpress/wp-includes/class-wp-hook.php:310
[09-Jul-2018 09:33:12 UTC] PHP   6. wp_admin_headers() /var/www/wordpress/wp-includes/class-wp-hook.php:286
[09-Jul-2018 09:33:12 UTC] PHP   7. header() /var/www/wordpress/wp-admin/includes/misc.php:1124
[09-Jul-2018 09:34:14 UTC] PHP Warning:  Missing argument 4 for add_settings_section(), called in /var/www/wordpress/wp-content/plugins/paypal_exprexxcheckout/express.php on line 90 and defined in /var/www/wordpress/wp-admin/includes/template.php on line 1221
[09-Jul-2018 09:34:14 UTC] PHP Stack trace:
[09-Jul-2018 09:34:14 UTC] PHP   1. {main}() /var/www/wordpress/wp-admin/admin-ajax.php:0
[09-Jul-2018 09:34:14 UTC] PHP   2. do_action() /var/www/wordpress/wp-admin/admin-ajax.php:44
[09-Jul-2018 09:34:14 UTC] PHP   3. WP_Hook->do_action() /var/www/wordpress/wp-includes/plugin.php:453
[09-Jul-2018 09:34:14 UTC] PHP   4. WP_Hook->apply_filters() /var/www/wordpress/wp-includes/class-wp-hook.php:310
[09-Jul-2018 09:34:14 UTC] PHP   5. PayPal_ExpressCheckout->page_init() /var/www/wordpress/wp-includes/class-wp-hook.php:286
[09-Jul-2018 09:34:14 UTC] PHP   6. add_settings_section() /var/www/wordpress/wp-content/plugins/paypal_exprexxcheckout/express.php:90
[09-Jul-2018 09:34:14 UTC] PHP Notice:  Undefined variable: page in /var/www/wordpress/wp-admin/includes/template.php on line 1224
[09-Jul-2018 09:34:14 UTC] PHP Stack trace:
[09-Jul-2018 09:34:14 UTC] PHP   1. {main}() /var/www/wordpress/wp-admin/admin-ajax.php:0
[09-Jul-2018 09:34:14 UTC] PHP   2. do_action() /var/www/wordpress/wp-admin/admin-ajax.php:44
[09-Jul-2018 09:34:14 UTC] PHP   3. WP_Hook->do_action() /var/www/wordpress/wp-includes/plugin.php:453
[09-Jul-2018 09:34:14 UTC] PHP   4. WP_Hook->apply_filters() /var/www/wordpress/wp-includes/class-wp-hook.php:310
[09-Jul-2018 09:34:14 UTC] PHP   5. PayPal_ExpressCheckout->page_init() /var/www/wordpress/wp-includes/class-wp-hook.php:286
[09-Jul-2018 09:34:14 UTC] PHP   6. add_settings_section() /var/www/wordpress/wp-content/plugins/paypal_exprexxcheckout/express.php:90
[09-Jul-2018 09:34:14 UTC] PHP Notice:  Undefined variable: page in /var/www/wordpress/wp-admin/includes/template.php on line 1234
[09-Jul-2018 09:34:14 UTC] PHP Stack trace:
[09-Jul-2018 09:34:14 UTC] PHP   1. {main}() /var/www/wordpress/wp-admin/admin-ajax.php:0
[09-Jul-2018 09:34:14 UTC] PHP   2. do_action() /var/www/wordpress/wp-admin/admin-ajax.php:44
[09-Jul-2018 09:34:14 UTC] PHP   3. WP_Hook->do_action() /var/www/wordpress/wp-includes/plugin.php:453
[09-Jul-2018 09:34:14 UTC] PHP   4. WP_Hook->apply_filters() /var/www/wordpress/wp-includes/class-wp-hook.php:310
[09-Jul-2018 09:34:14 UTC] PHP   5. PayPal_ExpressCheckout->page_init() /var/www/wordpress/wp-includes/class-wp-hook.php:286
[09-Jul-2018 09:34:14 UTC] PHP   6. add_settings_section() /var/www/wordpress/wp-content/plugins/paypal_exprexxcheckout/express.php:90
[09-Jul-2018 09:34:14 UTC] PHP Notice:  Undefined variable: page in /var/www/wordpress/wp-admin/includes/template.php on line 1244
[09-Jul-2018 09:34:14 UTC] PHP Stack trace:
[09-Jul-2018 09:34:14 UTC] PHP   1. {main}() /var/www/wordpress/wp-admin/admin-ajax.php:0
[09-Jul-2018 09:34:14 UTC] PHP   2. do_action() /var/www/wordpress/wp-admin/admin-ajax.php:44
[09-Jul-2018 09:34:14 UTC] PHP   3. WP_Hook->do_action() /var/www/wordpress/wp-includes/plugin.php:453
[09-Jul-2018 09:34:14 UTC] PHP   4. WP_Hook->apply_filters() /var/www/wordpress/wp-includes/class-wp-hook.php:310
[09-Jul-2018 09:34:14 UTC] PHP   5. PayPal_ExpressCheckout->page_init() /var/www/wordpress/wp-includes/class-wp-hook.php:286
[09-Jul-2018 09:34:14 UTC] PHP   6. add_settings_section() /var/www/wordpress/wp-content/plugins/paypal_exprexxcheckout/express.php:90
[09-Jul-2018 09:34:19 UTC] PHP Warning:  Missing argument 4 for add_settings_section(), called in /var/www/wordpress/wp-content/plugins/paypal_exprexxcheckout/express.php on line 90 and defined in /var/www/wordpress/wp-admin/includes/template.php on line 1221
[09-Jul-2018 09:34:19 UTC] PHP Stack trace:
[09-Jul-2018 09:34:19 UTC] PHP   1. {main}() /var/www/wordpress/wp-admin/plugins.php:0
[09-Jul-2018 09:34:19 UTC] PHP   2. require_once() /var/www/wordpress/wp-admin/plugins.php:10
[09-Jul-2018 09:34:19 UTC] PHP   3. do_action() /var/www/wordpress/wp-admin/admin.php:156
[09-Jul-2018 09:34:19 UTC] PHP   4. WP_Hook->do_action() /var/www/wordpress/wp-includes/plugin.php:453
[09-Jul-2018 09:34:19 UTC] PHP   5. WP_Hook->apply_filters() /var/www/wordpress/wp-includes/class-wp-hook.php:310
[09-Jul-2018 09:34:19 UTC] PHP   6. PayPal_ExpressCheckout->page_init() /var/www/wordpress/wp-includes/class-wp-hook.php:286
[09-Jul-2018 09:34:19 UTC] PHP   7. add_settings_section() /var/www/wordpress/wp-content/plugins/paypal_exprexxcheckout/express.php:90
[09-Jul-2018 09:34:19 UTC] PHP Notice:  Undefined variable: page in /var/www/wordpress/wp-admin/includes/template.php on line 1224
[09-Jul-2018 09:34:19 UTC] PHP Stack trace:
[09-Jul-2018 09:34:19 UTC] PHP   1. {main}() /var/www/wordpress/wp-admin/plugins.php:0
[09-Jul-2018 09:34:19 UTC] PHP   2. require_once() /var/www/wordpress/wp-admin/plugins.php:10
[09-Jul-2018 09:34:19 UTC] PHP   3. do_action() /var/www/wordpress/wp-admin/admin.php:156
[09-Jul-2018 09:34:19 UTC] PHP   4. WP_Hook->do_action() /var/www/wordpress/wp-includes/plugin.php:453
[09-Jul-2018 09:34:19 UTC] PHP   5. WP_Hook->apply_filters() /var/www/wordpress/wp-includes/class-wp-hook.php:310
[09-Jul-2018 09:34:19 UTC] PHP   6. PayPal_ExpressCheckout->page_init() /var/www/wordpress/wp-includes/class-wp-hook.php:286
[09-Jul-2018 09:34:19 UTC] PHP   7. add_settings_section() /var/www/wordpress/wp-content/plugins/paypal_exprexxcheckout/express.php:90
[09-Jul-2018 09:34:19 UTC] PHP Notice:  Undefined variable: page in /var/www/wordpress/wp-admin/includes/template.php on line 1234
[09-Jul-2018 09:34:19 UTC] PHP Stack trace:
[09-Jul-2018 09:34:19 UTC] PHP   1. {main}() /var/www/wordpress/wp-admin/plugins.php:0
[09-Jul-2018 09:34:19 UTC] PHP   2. require_once() /var/www/wordpress/wp-admin/plugins.php:10
[09-Jul-2018 09:34:19 UTC] PHP   3. do_action() /var/www/wordpress/wp-admin/admin.php:156
[09-Jul-2018 09:34:19 UTC] PHP   4. WP_Hook->do_action() /var/www/wordpress/wp-includes/plugin.php:453
[09-Jul-2018 09:34:19 UTC] PHP   5. WP_Hook->apply_filters() /var/www/wordpress/wp-includes/class-wp-hook.php:310
[09-Jul-2018 09:34:19 UTC] PHP   6. PayPal_ExpressCheckout->page_init() /var/www/wordpress/wp-includes/class-wp-hook.php:286
[09-Jul-2018 09:34:19 UTC] PHP   7. add_settings_section() /var/www/wordpress/wp-content/plugins/paypal_exprexxcheckout/express.php:90
[09-Jul-2018 09:34:19 UTC] PHP Notice:  Undefined variable: page in /var/www/wordpress/wp-admin/includes/template.php on line 1244
[09-Jul-2018 09:34:19 UTC] PHP Stack trace:
[09-Jul-2018 09:34:19 UTC] PHP   1. {main}() /var/www/wordpress/wp-admin/plugins.php:0
[09-Jul-2018 09:34:19 UTC] PHP   2. require_once() /var/www/wordpress/wp-admin/plugins.php:10
[09-Jul-2018 09:34:19 UTC] PHP   3. do_action() /var/www/wordpress/wp-admin/admin.php:156
[09-Jul-2018 09:34:19 UTC] PHP   4. WP_Hook->do_action() /var/www/wordpress/wp-includes/plugin.php:453
[09-Jul-2018 09:34:19 UTC] PHP   5. WP_Hook->apply_filters() /var/www/wordpress/wp-includes/class-wp-hook.php:310
[09-Jul-2018 09:34:19 UTC] PHP   6. PayPal_ExpressCheckout->page_init() /var/www/wordpress/wp-includes/class-wp-hook.php:286
[09-Jul-2018 09:34:19 UTC] PHP   7. add_settings_section() /var/www/wordpress/wp-content/plugins/paypal_exprexxcheckout/express.php:90
[09-Jul-2018 09:34:19 UTC] PHP Warning:  Cannot modify header information - headers already sent by (output started at /var/www/wordpress/wp-admin/includes/template.php:1224) in /var/www/wordpress/wp-admin/includes/misc.php on line 1124
[09-Jul-2018 09:34:19 UTC] PHP Stack trace:
[09-Jul-2018 09:34:19 UTC] PHP   1. {main}() /var/www/wordpress/wp-admin/plugins.php:0
[09-Jul-2018 09:34:19 UTC] PHP   2. require_once() /var/www/wordpress/wp-admin/plugins.php:10
[09-Jul-2018 09:34:19 UTC] PHP   3. do_action() /var/www/wordpress/wp-admin/admin.php:156
[09-Jul-2018 09:34:19 UTC] PHP   4. WP_Hook->do_action() /var/www/wordpress/wp-includes/plugin.php:453
[09-Jul-2018 09:34:19 UTC] PHP   5. WP_Hook->apply_filters() /var/www/wordpress/wp-includes/class-wp-hook.php:310
[09-Jul-2018 09:34:19 UTC] PHP   6. wp_admin_headers() /var/www/wordpress/wp-includes/class-wp-hook.php:286
[09-Jul-2018 09:34:19 UTC] PHP   7. header() /var/www/wordpress/wp-admin/includes/misc.php:1124
[09-Jul-2018 09:34:19 UTC] PHP Warning:  Cannot modify header information - headers already sent by (output started at /var/www/wordpress/wp-admin/includes/template.php:1224) in /var/www/wordpress/wp-includes/pluggable.php on line 1219
[09-Jul-2018 09:34:19 UTC] PHP Stack trace:
[09-Jul-2018 09:34:19 UTC] PHP   1. {main}() /var/www/wordpress/wp-admin/plugins.php:0
[09-Jul-2018 09:34:19 UTC] PHP   2. wp_redirect() /var/www/wordpress/wp-admin/plugins.php:69
[09-Jul-2018 09:34:19 UTC] PHP   3. header() /var/www/wordpress/wp-includes/pluggable.php:1219
